Analysis & Synthesis report for exp8
Sun May 30 14:47:48 2021
Quartus Prime Version 18.1.0 Build 625 09/12/2018 SJ Lite Edition


---------------------
; Table of Contents ;
---------------------
  1. Legal Notice
  2. Analysis & Synthesis Summary
  3. Analysis & Synthesis Settings
  4. Parallel Compilation
  5. Analysis & Synthesis Source Files Read
  6. Analysis & Synthesis Resource Usage Summary
  7. Analysis & Synthesis Resource Utilization by Entity
  8. Analysis & Synthesis RAM Summary
  9. Analysis & Synthesis IP Cores Summary
 10. Registers Removed During Synthesis
 11. General Register Statistics
 12. Registers Added for RAM Pass-Through Logic
 13. Multiplexer Restructuring Statistics (Restructuring Performed)
 14. Source assignments for rom_3:rom_1|altsyncram:altsyncram_component|altsyncram_5bg1:auto_generated
 15. Source assignments for ps2_keyboard:kb|altsyncram:fifo_rtl_0|altsyncram_edi1:auto_generated
 16. Parameter Settings for User Entity Instance: rom_3:rom_1|altsyncram:altsyncram_component
 17. Parameter Settings for Inferred Entity Instance: ps2_keyboard:kb|altsyncram:fifo_rtl_0
 18. altsyncram Parameter Settings by Entity Instance
 19. Port Connectivity Checks: "hexout:hexout_5"
 20. Port Connectivity Checks: "hexout:hexout_4"
 21. Port Connectivity Checks: "hexout:hexout_3"
 22. Port Connectivity Checks: "ps2_keyboard:kb"
 23. Post-Synthesis Netlist Statistics for Top Partition
 24. Elapsed Time Per Partition
 25. Analysis & Synthesis Messages
 26. Analysis & Synthesis Suppressed Messages



----------------
; Legal Notice ;
----------------
Copyright (C) 2018  Intel Corporation. All rights reserved.
Your use of Intel Corporation's design tools, logic functions 
and other software and tools, and its AMPP partner logic 
functions, and any output files from any of the foregoing 
(including device programming or simulation files), and any 
associated documentation or information are expressly subject 
to the terms and conditions of the Intel Program License 
Subscription Agreement, the Intel Quartus Prime License Agreement,
the Intel FPGA IP License Agreement, or other applicable license
agreement, including, without limitation, that your use is for
the sole purpose of programming logic devices manufactured by
Intel and sold by Intel or its authorized distributors.  Please
refer to the applicable agreement for further details.



+-------------------------------------------------------------------------------+
; Analysis & Synthesis Summary                                                  ;
+---------------------------------+---------------------------------------------+
; Analysis & Synthesis Status     ; Successful - Sun May 30 14:47:48 2021       ;
; Quartus Prime Version           ; 18.1.0 Build 625 09/12/2018 SJ Lite Edition ;
; Revision Name                   ; exp8                                        ;
; Top-level Entity Name           ; exp8                                        ;
; Family                          ; Cyclone V                                   ;
; Logic utilization (in ALMs)     ; N/A                                         ;
; Total registers                 ; 60                                          ;
; Total pins                      ; 74                                          ;
; Total virtual pins              ; 0                                           ;
; Total block memory bits         ; 2,112                                       ;
; Total DSP Blocks                ; 0                                           ;
; Total HSSI RX PCSs              ; 0                                           ;
; Total HSSI PMA RX Deserializers ; 0                                           ;
; Total HSSI TX PCSs              ; 0                                           ;
; Total HSSI PMA TX Serializers   ; 0                                           ;
; Total PLLs                      ; 0                                           ;
; Total DLLs                      ; 0                                           ;
+---------------------------------+---------------------------------------------+


+---------------------------------------------------------------------------------------------------------------------------+
; Analysis & Synthesis Settings                                                                                             ;
+---------------------------------------------------------------------------------+--------------------+--------------------+
; Option                                                                          ; Setting            ; Default Value      ;
+---------------------------------------------------------------------------------+--------------------+--------------------+
; Device                                                                          ; 5CSXFC6D6F31C6     ;                    ;
; Top-level entity name                                                           ; exp8               ; exp8               ;
; Family name                                                                     ; Cyclone V          ; Cyclone V          ;
; Use smart compilation                                                           ; Off                ; Off                ;
; Enable parallel Assembler and Timing Analyzer during compilation                ; On                 ; On                 ;
; Enable compact report table                                                     ; Off                ; Off                ;
; Restructure Multiplexers                                                        ; Auto               ; Auto               ;
; MLAB Add Timing Constraints For Mixed-Port Feed-Through Mode Setting Don't Care ; Off                ; Off                ;
; Create Debugging Nodes for IP Cores                                             ; Off                ; Off                ;
; Preserve fewer node names                                                       ; On                 ; On                 ;
; Intel FPGA IP Evaluation Mode                                                   ; Enable             ; Enable             ;
; Verilog Version                                                                 ; Verilog_2001       ; Verilog_2001       ;
; VHDL Version                                                                    ; VHDL_1993          ; VHDL_1993          ;
; State Machine Processing                                                        ; Auto               ; Auto               ;
; Safe State Machine                                                              ; Off                ; Off                ;
; Extract Verilog State Machines                                                  ; On                 ; On                 ;
; Extract VHDL State Machines                                                     ; On                 ; On                 ;
; Ignore Verilog initial constructs                                               ; Off                ; Off                ;
; Iteration limit for constant Verilog loops                                      ; 5000               ; 5000               ;
; Iteration limit for non-constant Verilog loops                                  ; 250                ; 250                ;
; Add Pass-Through Logic to Inferred RAMs                                         ; On                 ; On                 ;
; Infer RAMs from Raw Logic                                                       ; On                 ; On                 ;
; Parallel Synthesis                                                              ; On                 ; On                 ;
; DSP Block Balancing                                                             ; Auto               ; Auto               ;
; NOT Gate Push-Back                                                              ; On                 ; On                 ;
; Power-Up Don't Care                                                             ; On                 ; On                 ;
; Remove Redundant Logic Cells                                                    ; Off                ; Off                ;
; Remove Duplicate Registers                                                      ; On                 ; On                 ;
; Ignore CARRY Buffers                                                            ; Off                ; Off                ;
; Ignore CASCADE Buffers                                                          ; Off                ; Off                ;
; Ignore GLOBAL Buffers                                                           ; Off                ; Off                ;
; Ignore ROW GLOBAL Buffers                                                       ; Off                ; Off                ;
; Ignore LCELL Buffers                                                            ; Off                ; Off                ;
; Ignore SOFT Buffers                                                             ; On                 ; On                 ;
; Limit AHDL Integers to 32 Bits                                                  ; Off                ; Off                ;
; Optimization Technique                                                          ; Balanced           ; Balanced           ;
; Carry Chain Length                                                              ; 70                 ; 70                 ;
; Auto Carry Chains                                                               ; On                 ; On                 ;
; Auto Open-Drain Pins                                                            ; On                 ; On                 ;
; Perform WYSIWYG Primitive Resynthesis                                           ; Off                ; Off                ;
; Auto ROM Replacement                                                            ; On                 ; On                 ;
; Auto RAM Replacement                                                            ; On                 ; On                 ;
; Auto DSP Block Replacement                                                      ; On                 ; On                 ;
; Auto Shift Register Replacement                                                 ; Auto               ; Auto               ;
; Allow Shift Register Merging across Hierarchies                                 ; Auto               ; Auto               ;
; Auto Clock Enable Replacement                                                   ; On                 ; On                 ;
; Strict RAM Replacement                                                          ; Off                ; Off                ;
; Allow Synchronous Control Signals                                               ; On                 ; On                 ;
; Force Use of Synchronous Clear Signals                                          ; Off                ; Off                ;
; Auto Resource Sharing                                                           ; Off                ; Off                ;
; Allow Any RAM Size For Recognition                                              ; Off                ; Off                ;
; Allow Any ROM Size For Recognition                                              ; Off                ; Off                ;
; Allow Any Shift Register Size For Recognition                                   ; Off                ; Off                ;
; Use LogicLock Constraints during Resource Balancing                             ; On                 ; On                 ;
; Ignore translate_off and synthesis_off directives                               ; Off                ; Off                ;
; Timing-Driven Synthesis                                                         ; On                 ; On                 ;
; Report Parameter Settings                                                       ; On                 ; On                 ;
; Report Source Assignments                                                       ; On                 ; On                 ;
; Report Connectivity Checks                                                      ; On                 ; On                 ;
; Ignore Maximum Fan-Out Assignments                                              ; Off                ; Off                ;
; Synchronization Register Chain Length                                           ; 3                  ; 3                  ;
; Power Optimization During Synthesis                                             ; Normal compilation ; Normal compilation ;
; HDL message level                                                               ; Level2             ; Level2             ;
; Suppress Register Optimization Related Messages                                 ; Off                ; Off                ;
; Number of Removed Registers Reported in Synthesis Report                        ; 5000               ; 5000               ;
; Number of Swept Nodes Reported in Synthesis Report                              ; 5000               ; 5000               ;
; Number of Inverted Registers Reported in Synthesis Report                       ; 100                ; 100                ;
; Clock MUX Protection                                                            ; On                 ; On                 ;
; Auto Gated Clock Conversion                                                     ; Off                ; Off                ;
; Block Design Naming                                                             ; Auto               ; Auto               ;
; SDC constraint protection                                                       ; Off                ; Off                ;
; Synthesis Effort                                                                ; Auto               ; Auto               ;
; Shift Register Replacement - Allow Asynchronous Clear Signal                    ; On                 ; On                 ;
; Pre-Mapping Resynthesis Optimization                                            ; Off                ; Off                ;
; Analysis & Synthesis Message Level                                              ; Medium             ; Medium             ;
; Disable Register Merging Across Hierarchies                                     ; Auto               ; Auto               ;
; Resource Aware Inference For Block RAM                                          ; On                 ; On                 ;
; Automatic Parallel Synthesis                                                    ; On                 ; On                 ;
; Partial Reconfiguration Bitstream ID                                            ; Off                ; Off                ;
+---------------------------------------------------------------------------------+--------------------+--------------------+


+------------------------------------------+
; Parallel Compilation                     ;
+----------------------------+-------------+
; Processors                 ; Number      ;
+----------------------------+-------------+
; Number detected on machine ; 8           ;
; Maximum allowed            ; 8           ;
;                            ;             ;
; Average used               ; 1.00        ;
; Maximum used               ; 8           ;
;                            ;             ;
; Usage by Processor         ; % Time Used ;
;     Processor 1            ; 100.0%      ;
;     Processors 2-8         ;   0.0%      ;
+----------------------------+-------------+


+--------------------------------------------------------------------------------------------------------------------------------------------------------------------------------------+
; Analysis & Synthesis Source Files Read                                                                                                                                               ;
+----------------------------------+-----------------+----------------------------------------+------------------------------------------------------------------------------+---------+
; File Name with User-Entered Path ; Used in Netlist ; File Type                              ; File Name with Absolute Path                                                 ; Library ;
+----------------------------------+-----------------+----------------------------------------+------------------------------------------------------------------------------+---------+
; rom_3.v                          ; yes             ; User Wizard-Generated File             ; C:/fpga/exp8/rom_3.v                                                         ;         ;
; exp8.v                           ; yes             ; Auto-Found Verilog HDL File            ; C:/fpga/exp8/exp8.v                                                          ;         ;
; ps2_keyboard.v                   ; yes             ; Auto-Found Verilog HDL File            ; C:/fpga/exp8/ps2_keyboard.v                                                  ;         ;
; altsyncram.tdf                   ; yes             ; Megafunction                           ; c:/intelfpga_lite/18.1/quartus/libraries/megafunctions/altsyncram.tdf        ;         ;
; stratix_ram_block.inc            ; yes             ; Megafunction                           ; c:/intelfpga_lite/18.1/quartus/libraries/megafunctions/stratix_ram_block.inc ;         ;
; lpm_mux.inc                      ; yes             ; Megafunction                           ; c:/intelfpga_lite/18.1/quartus/libraries/megafunctions/lpm_mux.inc           ;         ;
; lpm_decode.inc                   ; yes             ; Megafunction                           ; c:/intelfpga_lite/18.1/quartus/libraries/megafunctions/lpm_decode.inc        ;         ;
; aglobal181.inc                   ; yes             ; Megafunction                           ; c:/intelfpga_lite/18.1/quartus/libraries/megafunctions/aglobal181.inc        ;         ;
; a_rdenreg.inc                    ; yes             ; Megafunction                           ; c:/intelfpga_lite/18.1/quartus/libraries/megafunctions/a_rdenreg.inc         ;         ;
; altrom.inc                       ; yes             ; Megafunction                           ; c:/intelfpga_lite/18.1/quartus/libraries/megafunctions/altrom.inc            ;         ;
; altram.inc                       ; yes             ; Megafunction                           ; c:/intelfpga_lite/18.1/quartus/libraries/megafunctions/altram.inc            ;         ;
; altdpram.inc                     ; yes             ; Megafunction                           ; c:/intelfpga_lite/18.1/quartus/libraries/megafunctions/altdpram.inc          ;         ;
; db/altsyncram_5bg1.tdf           ; yes             ; Auto-Generated Megafunction            ; C:/fpga/exp8/db/altsyncram_5bg1.tdf                                          ;         ;
; scancode.mif                     ; yes             ; Auto-Found Memory Initialization File  ; C:/fpga/exp8/scancode.mif                                                    ;         ;
; hexout.v                         ; yes             ; Auto-Found Verilog HDL File            ; C:/fpga/exp8/hexout.v                                                        ;         ;
; db/altsyncram_edi1.tdf           ; yes             ; Auto-Generated Megafunction            ; C:/fpga/exp8/db/altsyncram_edi1.tdf                                          ;         ;
+----------------------------------+-----------------+----------------------------------------+------------------------------------------------------------------------------+---------+


+--------------------------------------------------------------+
; Analysis & Synthesis Resource Usage Summary                  ;
+---------------------------------------------+----------------+
; Resource                                    ; Usage          ;
+---------------------------------------------+----------------+
; Estimate of Logic utilization (ALMs needed) ; 82             ;
;                                             ;                ;
; Combinational ALUT usage for logic          ; 131            ;
;     -- 7 input functions                    ; 0              ;
;     -- 6 input functions                    ; 30             ;
;     -- 5 input functions                    ; 44             ;
;     -- 4 input functions                    ; 30             ;
;     -- <=3 input functions                  ; 27             ;
;                                             ;                ;
; Dedicated logic registers                   ; 60             ;
;                                             ;                ;
; I/O pins                                    ; 74             ;
; Total MLAB memory bits                      ; 0              ;
; Total block memory bits                     ; 2112           ;
;                                             ;                ;
; Total DSP Blocks                            ; 0              ;
;                                             ;                ;
; Maximum fan-out node                        ; CLOCK_50~input ;
; Maximum fan-out                             ; 76             ;
; Total fan-out                               ; 985            ;
; Average fan-out                             ; 2.74           ;
+---------------------------------------------+----------------+


+------------------------------------------------------------------------------------------------------------------------------------------------------------------------------------------------------------------------------------------------------------------------+
; Analysis & Synthesis Resource Utilization by Entity                                                                                                                                                                                                                    ;
+-------------------------------------------+---------------------+---------------------------+-------------------+------------+------+--------------+----------------------------------------------------------------------------------+-----------------+--------------+
; Compilation Hierarchy Node                ; Combinational ALUTs ; Dedicated Logic Registers ; Block Memory Bits ; DSP Blocks ; Pins ; Virtual Pins ; Full Hierarchy Name                                                              ; Entity Name     ; Library Name ;
+-------------------------------------------+---------------------+---------------------------+-------------------+------------+------+--------------+----------------------------------------------------------------------------------+-----------------+--------------+
; |exp8                                     ; 131 (41)            ; 60 (21)                   ; 2112              ; 0          ; 74   ; 0            ; |exp8                                                                            ; exp8            ; work         ;
;    |hexout:hexout_0|                      ; 7 (7)               ; 0 (0)                     ; 0                 ; 0          ; 0    ; 0            ; |exp8|hexout:hexout_0                                                            ; hexout          ; work         ;
;    |hexout:hexout_1|                      ; 7 (7)               ; 0 (0)                     ; 0                 ; 0          ; 0    ; 0            ; |exp8|hexout:hexout_1                                                            ; hexout          ; work         ;
;    |hexout:hexout_2|                      ; 7 (7)               ; 0 (0)                     ; 0                 ; 0          ; 0    ; 0            ; |exp8|hexout:hexout_2                                                            ; hexout          ; work         ;
;    |hexout:hexout_3|                      ; 7 (7)               ; 0 (0)                     ; 0                 ; 0          ; 0    ; 0            ; |exp8|hexout:hexout_3                                                            ; hexout          ; work         ;
;    |hexout:hexout_4|                      ; 7 (7)               ; 0 (0)                     ; 0                 ; 0          ; 0    ; 0            ; |exp8|hexout:hexout_4                                                            ; hexout          ; work         ;
;    |hexout:hexout_5|                      ; 7 (7)               ; 0 (0)                     ; 0                 ; 0          ; 0    ; 0            ; |exp8|hexout:hexout_5                                                            ; hexout          ; work         ;
;    |ps2_keyboard:kb|                      ; 48 (48)             ; 39 (39)                   ; 64                ; 0          ; 0    ; 0            ; |exp8|ps2_keyboard:kb                                                            ; ps2_keyboard    ; work         ;
;       |altsyncram:fifo_rtl_0|             ; 0 (0)               ; 0 (0)                     ; 64                ; 0          ; 0    ; 0            ; |exp8|ps2_keyboard:kb|altsyncram:fifo_rtl_0                                      ; altsyncram      ; work         ;
;          |altsyncram_edi1:auto_generated| ; 0 (0)               ; 0 (0)                     ; 64                ; 0          ; 0    ; 0            ; |exp8|ps2_keyboard:kb|altsyncram:fifo_rtl_0|altsyncram_edi1:auto_generated       ; altsyncram_edi1 ; work         ;
;    |rom_3:rom_1|                          ; 0 (0)               ; 0 (0)                     ; 2048              ; 0          ; 0    ; 0            ; |exp8|rom_3:rom_1                                                                ; rom_3           ; work         ;
;       |altsyncram:altsyncram_component|   ; 0 (0)               ; 0 (0)                     ; 2048              ; 0          ; 0    ; 0            ; |exp8|rom_3:rom_1|altsyncram:altsyncram_component                                ; altsyncram      ; work         ;
;          |altsyncram_5bg1:auto_generated| ; 0 (0)               ; 0 (0)                     ; 2048              ; 0          ; 0    ; 0            ; |exp8|rom_3:rom_1|altsyncram:altsyncram_component|altsyncram_5bg1:auto_generated ; altsyncram_5bg1 ; work         ;
+-------------------------------------------+---------------------+---------------------------+-------------------+------------+------+--------------+----------------------------------------------------------------------------------+-----------------+--------------+
Note: For table entries with two numbers listed, the numbers in parentheses indicate the number of resources of the given type used by the specific entity alone. The numbers listed outside of parentheses indicate the total resources of the given type used by the specific entity and all of its sub-entities in the hierarchy.


+---------------------------------------------------------------------------------------------------------------------------------------------------------------------------------------------------+
; Analysis & Synthesis RAM Summary                                                                                                                                                                  ;
+---------------------------------------------------------------------------------------+------+------------------+--------------+--------------+--------------+--------------+------+--------------+
; Name                                                                                  ; Type ; Mode             ; Port A Depth ; Port A Width ; Port B Depth ; Port B Width ; Size ; MIF          ;
+---------------------------------------------------------------------------------------+------+------------------+--------------+--------------+--------------+--------------+------+--------------+
; ps2_keyboard:kb|altsyncram:fifo_rtl_0|altsyncram_edi1:auto_generated|ALTSYNCRAM       ; AUTO ; Simple Dual Port ; 8            ; 8            ; 8            ; 8            ; 64   ; None         ;
; rom_3:rom_1|altsyncram:altsyncram_component|altsyncram_5bg1:auto_generated|ALTSYNCRAM ; AUTO ; ROM              ; 256          ; 8            ; --           ; --           ; 2048 ; scancode.mif ;
+---------------------------------------------------------------------------------------+------+------------------+--------------+--------------+--------------+--------------+------+--------------+


+-----------------------------------------------------------------------------------------------------+
; Analysis & Synthesis IP Cores Summary                                                               ;
+--------+--------------+---------+--------------+--------------+-------------------+-----------------+
; Vendor ; IP Core Name ; Version ; Release Date ; License Type ; Entity Instance   ; IP Include File ;
+--------+--------------+---------+--------------+--------------+-------------------+-----------------+
; Altera ; ROM: 1-PORT  ; 18.1    ; N/A          ; N/A          ; |exp8|rom_3:rom_1 ; rom_3.v         ;
+--------+--------------+---------+--------------+--------------+-------------------+-----------------+


+---------------------------------------------------------------------------------+
; Registers Removed During Synthesis                                              ;
+----------------------------------------+----------------------------------------+
; Register name                          ; Reason for Removal                     ;
+----------------------------------------+----------------------------------------+
; nextdata_n                             ; Stuck at GND due to stuck port data_in ;
; daxieoffset[4..29,31]                  ; Lost fanout                            ;
; pressing                               ; Merged with showhex3                   ;
; showhex2                               ; Merged with showhex3                   ;
; showhex1                               ; Merged with showhex3                   ;
; showhex0                               ; Merged with showhex3                   ;
; daxieoffset[2,3,30]                    ; Merged with daxieoffset[0]             ;
; cnt[9..31]                             ; Merged with cnt[8]                     ;
; daxieoffset[0]                         ; Stuck at GND due to stuck port data_in ;
; Total Number of Removed Registers = 59 ;                                        ;
+----------------------------------------+----------------------------------------+


+------------------------------------------------------+
; General Register Statistics                          ;
+----------------------------------------------+-------+
; Statistic                                    ; Value ;
+----------------------------------------------+-------+
; Total registers                              ; 60    ;
; Number of registers using Synchronous Clear  ; 0     ;
; Number of registers using Synchronous Load   ; 0     ;
; Number of registers using Asynchronous Clear ; 0     ;
; Number of registers using Asynchronous Load  ; 0     ;
; Number of registers using Clock Enable       ; 17    ;
; Number of registers using Preset             ; 0     ;
+----------------------------------------------+-------+


+--------------------------------------------------------------------+
; Registers Added for RAM Pass-Through Logic                         ;
+---------------------------------------+----------------------------+
; Register Name                         ; RAM Name                   ;
+---------------------------------------+----------------------------+
; ps2_keyboard:kb|fifo_rtl_0_bypass[0]  ; ps2_keyboard:kb|fifo_rtl_0 ;
; ps2_keyboard:kb|fifo_rtl_0_bypass[1]  ; ps2_keyboard:kb|fifo_rtl_0 ;
; ps2_keyboard:kb|fifo_rtl_0_bypass[2]  ; ps2_keyboard:kb|fifo_rtl_0 ;
; ps2_keyboard:kb|fifo_rtl_0_bypass[3]  ; ps2_keyboard:kb|fifo_rtl_0 ;
; ps2_keyboard:kb|fifo_rtl_0_bypass[4]  ; ps2_keyboard:kb|fifo_rtl_0 ;
; ps2_keyboard:kb|fifo_rtl_0_bypass[5]  ; ps2_keyboard:kb|fifo_rtl_0 ;
; ps2_keyboard:kb|fifo_rtl_0_bypass[6]  ; ps2_keyboard:kb|fifo_rtl_0 ;
; ps2_keyboard:kb|fifo_rtl_0_bypass[7]  ; ps2_keyboard:kb|fifo_rtl_0 ;
; ps2_keyboard:kb|fifo_rtl_0_bypass[8]  ; ps2_keyboard:kb|fifo_rtl_0 ;
; ps2_keyboard:kb|fifo_rtl_0_bypass[9]  ; ps2_keyboard:kb|fifo_rtl_0 ;
; ps2_keyboard:kb|fifo_rtl_0_bypass[10] ; ps2_keyboard:kb|fifo_rtl_0 ;
; ps2_keyboard:kb|fifo_rtl_0_bypass[11] ; ps2_keyboard:kb|fifo_rtl_0 ;
; ps2_keyboard:kb|fifo_rtl_0_bypass[12] ; ps2_keyboard:kb|fifo_rtl_0 ;
; ps2_keyboard:kb|fifo_rtl_0_bypass[13] ; ps2_keyboard:kb|fifo_rtl_0 ;
; ps2_keyboard:kb|fifo_rtl_0_bypass[14] ; ps2_keyboard:kb|fifo_rtl_0 ;
+---------------------------------------+----------------------------+


+----------------------------------------------------------------------------------------------------------------------------------------------+
; Multiplexer Restructuring Statistics (Restructuring Performed)                                                                               ;
+--------------------+-----------+---------------+----------------------+------------------------+------------+--------------------------------+
; Multiplexer Inputs ; Bus Width ; Baseline Area ; Area if Restructured ; Saving if Restructured ; Registered ; Example Multiplexer Output     ;
+--------------------+-----------+---------------+----------------------+------------------------+------------+--------------------------------+
; 3:1                ; 3 bits    ; 6 LEs         ; 3 LEs                ; 3 LEs                  ; Yes        ; |exp8|ps2_keyboard:kb|w_ptr[0] ;
; 4:1                ; 4 bits    ; 8 LEs         ; 8 LEs                ; 0 LEs                  ; Yes        ; |exp8|ps2_keyboard:kb|count[3] ;
; 3:1                ; 3 bits    ; 6 LEs         ; 6 LEs                ; 0 LEs                  ; No         ; |exp8|ps2_keyboard:kb|r_ptr    ;
+--------------------+-----------+---------------+----------------------+------------------------+------------+--------------------------------+


+---------------------------------------------------------------------------------------------------+
; Source assignments for rom_3:rom_1|altsyncram:altsyncram_component|altsyncram_5bg1:auto_generated ;
+---------------------------------+--------------------+------+-------------------------------------+
; Assignment                      ; Value              ; From ; To                                  ;
+---------------------------------+--------------------+------+-------------------------------------+
; OPTIMIZE_POWER_DURING_SYNTHESIS ; NORMAL_COMPILATION ; -    ; -                                   ;
+---------------------------------+--------------------+------+-------------------------------------+


+---------------------------------------------------------------------------------------------+
; Source assignments for ps2_keyboard:kb|altsyncram:fifo_rtl_0|altsyncram_edi1:auto_generated ;
+---------------------------------+--------------------+------+-------------------------------+
; Assignment                      ; Value              ; From ; To                            ;
+---------------------------------+--------------------+------+-------------------------------+
; OPTIMIZE_POWER_DURING_SYNTHESIS ; NORMAL_COMPILATION ; -    ; -                             ;
+---------------------------------+--------------------+------+-------------------------------+


+------------------------------------------------------------------------------------------+
; Parameter Settings for User Entity Instance: rom_3:rom_1|altsyncram:altsyncram_component ;
+------------------------------------+----------------------+------------------------------+
; Parameter Name                     ; Value                ; Type                         ;
+------------------------------------+----------------------+------------------------------+
; BYTE_SIZE_BLOCK                    ; 8                    ; Untyped                      ;
; AUTO_CARRY_CHAINS                  ; ON                   ; AUTO_CARRY                   ;
; IGNORE_CARRY_BUFFERS               ; OFF                  ; IGNORE_CARRY                 ;
; AUTO_CASCADE_CHAINS                ; ON                   ; AUTO_CASCADE                 ;
; IGNORE_CASCADE_BUFFERS             ; OFF                  ; IGNORE_CASCADE               ;
; WIDTH_BYTEENA                      ; 1                    ; Untyped                      ;
; OPERATION_MODE                     ; ROM                  ; Untyped                      ;
; WIDTH_A                            ; 8                    ; Signed Integer               ;
; WIDTHAD_A                          ; 8                    ; Signed Integer               ;
; NUMWORDS_A                         ; 256                  ; Signed Integer               ;
; OUTDATA_REG_A                      ; UNREGISTERED         ; Untyped                      ;
; ADDRESS_ACLR_A                     ; NONE                 ; Untyped                      ;
; OUTDATA_ACLR_A                     ; NONE                 ; Untyped                      ;
; WRCONTROL_ACLR_A                   ; NONE                 ; Untyped                      ;
; INDATA_ACLR_A                      ; NONE                 ; Untyped                      ;
; BYTEENA_ACLR_A                     ; NONE                 ; Untyped                      ;
; WIDTH_B                            ; 1                    ; Untyped                      ;
; WIDTHAD_B                          ; 1                    ; Untyped                      ;
; NUMWORDS_B                         ; 1                    ; Untyped                      ;
; INDATA_REG_B                       ; CLOCK1               ; Untyped                      ;
; WRCONTROL_WRADDRESS_REG_B          ; CLOCK1               ; Untyped                      ;
; RDCONTROL_REG_B                    ; CLOCK1               ; Untyped                      ;
; ADDRESS_REG_B                      ; CLOCK1               ; Untyped                      ;
; OUTDATA_REG_B                      ; UNREGISTERED         ; Untyped                      ;
; BYTEENA_REG_B                      ; CLOCK1               ; Untyped                      ;
; INDATA_ACLR_B                      ; NONE                 ; Untyped                      ;
; WRCONTROL_ACLR_B                   ; NONE                 ; Untyped                      ;
; ADDRESS_ACLR_B                     ; NONE                 ; Untyped                      ;
; OUTDATA_ACLR_B                     ; NONE                 ; Untyped                      ;
; RDCONTROL_ACLR_B                   ; NONE                 ; Untyped                      ;
; BYTEENA_ACLR_B                     ; NONE                 ; Untyped                      ;
; WIDTH_BYTEENA_A                    ; 1                    ; Signed Integer               ;
; WIDTH_BYTEENA_B                    ; 1                    ; Untyped                      ;
; RAM_BLOCK_TYPE                     ; AUTO                 ; Untyped                      ;
; BYTE_SIZE                          ; 8                    ; Untyped                      ;
; READ_DURING_WRITE_MODE_MIXED_PORTS ; DONT_CARE            ; Untyped                      ;
; READ_DURING_WRITE_MODE_PORT_A      ; NEW_DATA_NO_NBE_READ ; Untyped                      ;
; READ_DURING_WRITE_MODE_PORT_B      ; NEW_DATA_NO_NBE_READ ; Untyped                      ;
; INIT_FILE                          ; scancode.mif         ; Untyped                      ;
; INIT_FILE_LAYOUT                   ; PORT_A               ; Untyped                      ;
; MAXIMUM_DEPTH                      ; 0                    ; Untyped                      ;
; CLOCK_ENABLE_INPUT_A               ; BYPASS               ; Untyped                      ;
; CLOCK_ENABLE_INPUT_B               ; NORMAL               ; Untyped                      ;
; CLOCK_ENABLE_OUTPUT_A              ; BYPASS               ; Untyped                      ;
; CLOCK_ENABLE_OUTPUT_B              ; NORMAL               ; Untyped                      ;
; CLOCK_ENABLE_CORE_A                ; USE_INPUT_CLKEN      ; Untyped                      ;
; CLOCK_ENABLE_CORE_B                ; USE_INPUT_CLKEN      ; Untyped                      ;
; ENABLE_ECC                         ; FALSE                ; Untyped                      ;
; ECC_PIPELINE_STAGE_ENABLED         ; FALSE                ; Untyped                      ;
; WIDTH_ECCSTATUS                    ; 3                    ; Untyped                      ;
; DEVICE_FAMILY                      ; Cyclone V            ; Untyped                      ;
; CBXI_PARAMETER                     ; altsyncram_5bg1      ; Untyped                      ;
+------------------------------------+----------------------+------------------------------+
Note: In order to hide this table in the UI and the text report file, please set the "Show Parameter Settings in Synthesis Report" option in "Analysis and Synthesis Settings -> More Settings" to "Off".


+----------------------------------------------------------------------------------------+
; Parameter Settings for Inferred Entity Instance: ps2_keyboard:kb|altsyncram:fifo_rtl_0 ;
+------------------------------------+----------------------+----------------------------+
; Parameter Name                     ; Value                ; Type                       ;
+------------------------------------+----------------------+----------------------------+
; BYTE_SIZE_BLOCK                    ; 8                    ; Untyped                    ;
; AUTO_CARRY_CHAINS                  ; ON                   ; AUTO_CARRY                 ;
; IGNORE_CARRY_BUFFERS               ; OFF                  ; IGNORE_CARRY               ;
; AUTO_CASCADE_CHAINS                ; ON                   ; AUTO_CASCADE               ;
; IGNORE_CASCADE_BUFFERS             ; OFF                  ; IGNORE_CASCADE             ;
; WIDTH_BYTEENA                      ; 1                    ; Untyped                    ;
; OPERATION_MODE                     ; DUAL_PORT            ; Untyped                    ;
; WIDTH_A                            ; 8                    ; Untyped                    ;
; WIDTHAD_A                          ; 3                    ; Untyped                    ;
; NUMWORDS_A                         ; 8                    ; Untyped                    ;
; OUTDATA_REG_A                      ; UNREGISTERED         ; Untyped                    ;
; ADDRESS_ACLR_A                     ; NONE                 ; Untyped                    ;
; OUTDATA_ACLR_A                     ; NONE                 ; Untyped                    ;
; WRCONTROL_ACLR_A                   ; NONE                 ; Untyped                    ;
; INDATA_ACLR_A                      ; NONE                 ; Untyped                    ;
; BYTEENA_ACLR_A                     ; NONE                 ; Untyped                    ;
; WIDTH_B                            ; 8                    ; Untyped                    ;
; WIDTHAD_B                          ; 3                    ; Untyped                    ;
; NUMWORDS_B                         ; 8                    ; Untyped                    ;
; INDATA_REG_B                       ; CLOCK1               ; Untyped                    ;
; WRCONTROL_WRADDRESS_REG_B          ; CLOCK1               ; Untyped                    ;
; RDCONTROL_REG_B                    ; CLOCK1               ; Untyped                    ;
; ADDRESS_REG_B                      ; CLOCK0               ; Untyped                    ;
; OUTDATA_REG_B                      ; UNREGISTERED         ; Untyped                    ;
; BYTEENA_REG_B                      ; CLOCK1               ; Untyped                    ;
; INDATA_ACLR_B                      ; NONE                 ; Untyped                    ;
; WRCONTROL_ACLR_B                   ; NONE                 ; Untyped                    ;
; ADDRESS_ACLR_B                     ; NONE                 ; Untyped                    ;
; OUTDATA_ACLR_B                     ; NONE                 ; Untyped                    ;
; RDCONTROL_ACLR_B                   ; NONE                 ; Untyped                    ;
; BYTEENA_ACLR_B                     ; NONE                 ; Untyped                    ;
; WIDTH_BYTEENA_A                    ; 1                    ; Untyped                    ;
; WIDTH_BYTEENA_B                    ; 1                    ; Untyped                    ;
; RAM_BLOCK_TYPE                     ; AUTO                 ; Untyped                    ;
; BYTE_SIZE                          ; 8                    ; Untyped                    ;
; READ_DURING_WRITE_MODE_MIXED_PORTS ; DONT_CARE            ; Untyped                    ;
; READ_DURING_WRITE_MODE_PORT_A      ; NEW_DATA_NO_NBE_READ ; Untyped                    ;
; READ_DURING_WRITE_MODE_PORT_B      ; NEW_DATA_NO_NBE_READ ; Untyped                    ;
; INIT_FILE                          ; UNUSED               ; Untyped                    ;
; INIT_FILE_LAYOUT                   ; PORT_A               ; Untyped                    ;
; MAXIMUM_DEPTH                      ; 0                    ; Untyped                    ;
; CLOCK_ENABLE_INPUT_A               ; NORMAL               ; Untyped                    ;
; CLOCK_ENABLE_INPUT_B               ; NORMAL               ; Untyped                    ;
; CLOCK_ENABLE_OUTPUT_A              ; NORMAL               ; Untyped                    ;
; CLOCK_ENABLE_OUTPUT_B              ; NORMAL               ; Untyped                    ;
; CLOCK_ENABLE_CORE_A                ; USE_INPUT_CLKEN      ; Untyped                    ;
; CLOCK_ENABLE_CORE_B                ; USE_INPUT_CLKEN      ; Untyped                    ;
; ENABLE_ECC                         ; FALSE                ; Untyped                    ;
; ECC_PIPELINE_STAGE_ENABLED         ; FALSE                ; Untyped                    ;
; WIDTH_ECCSTATUS                    ; 3                    ; Untyped                    ;
; DEVICE_FAMILY                      ; Cyclone V            ; Untyped                    ;
; CBXI_PARAMETER                     ; altsyncram_edi1      ; Untyped                    ;
+------------------------------------+----------------------+----------------------------+
Note: In order to hide this table in the UI and the text report file, please set the "Show Parameter Settings in Synthesis Report" option in "Analysis and Synthesis Settings -> More Settings" to "Off".


+-----------------------------------------------------------------------------------------+
; altsyncram Parameter Settings by Entity Instance                                        ;
+-------------------------------------------+---------------------------------------------+
; Name                                      ; Value                                       ;
+-------------------------------------------+---------------------------------------------+
; Number of entity instances                ; 2                                           ;
; Entity Instance                           ; rom_3:rom_1|altsyncram:altsyncram_component ;
;     -- OPERATION_MODE                     ; ROM                                         ;
;     -- WIDTH_A                            ; 8                                           ;
;     -- NUMWORDS_A                         ; 256                                         ;
;     -- OUTDATA_REG_A                      ; UNREGISTERED                                ;
;     -- WIDTH_B                            ; 1                                           ;
;     -- NUMWORDS_B                         ; 1                                           ;
;     -- ADDRESS_REG_B                      ; CLOCK1                                      ;
;     -- OUTDATA_REG_B                      ; UNREGISTERED                                ;
;     -- RAM_BLOCK_TYPE                     ; AUTO                                        ;
;     -- READ_DURING_WRITE_MODE_MIXED_PORTS ; DONT_CARE                                   ;
; Entity Instance                           ; ps2_keyboard:kb|altsyncram:fifo_rtl_0       ;
;     -- OPERATION_MODE                     ; DUAL_PORT                                   ;
;     -- WIDTH_A                            ; 8                                           ;
;     -- NUMWORDS_A                         ; 8                                           ;
;     -- OUTDATA_REG_A                      ; UNREGISTERED                                ;
;     -- WIDTH_B                            ; 8                                           ;
;     -- NUMWORDS_B                         ; 8                                           ;
;     -- ADDRESS_REG_B                      ; CLOCK0                                      ;
;     -- OUTDATA_REG_B                      ; UNREGISTERED                                ;
;     -- RAM_BLOCK_TYPE                     ; AUTO                                        ;
;     -- READ_DURING_WRITE_MODE_MIXED_PORTS ; DONT_CARE                                   ;
+-------------------------------------------+---------------------------------------------+


+--------------------------------------------------------------------------------------------------------------------------------------------------------------------------------------------------------------+
; Port Connectivity Checks: "hexout:hexout_5"                                                                                                                                                                  ;
+------+-------+----------+------------------------------------------------------------------------------------------------------------------------------------------------------------------------------------+
; Port ; Type  ; Severity ; Details                                                                                                                                                                            ;
+------+-------+----------+------------------------------------------------------------------------------------------------------------------------------------------------------------------------------------+
; en   ; Input ; Info     ; Stuck at VCC                                                                                                                                                                       ;
; data ; Input ; Warning  ; Input port expression (32 bits) is wider than the input port (4 bits) it drives.  The 28 most-significant bit(s) in the expression will be dangling if they have no other fanouts. ;
+------+-------+----------+------------------------------------------------------------------------------------------------------------------------------------------------------------------------------------+


+--------------------------------------------------------------------------------------------------------------------------------------------------------------------------------------------------------------+
; Port Connectivity Checks: "hexout:hexout_4"                                                                                                                                                                  ;
+------+-------+----------+------------------------------------------------------------------------------------------------------------------------------------------------------------------------------------+
; Port ; Type  ; Severity ; Details                                                                                                                                                                            ;
+------+-------+----------+------------------------------------------------------------------------------------------------------------------------------------------------------------------------------------+
; en   ; Input ; Info     ; Stuck at VCC                                                                                                                                                                       ;
; data ; Input ; Warning  ; Input port expression (32 bits) is wider than the input port (4 bits) it drives.  The 28 most-significant bit(s) in the expression will be dangling if they have no other fanouts. ;
+------+-------+----------+------------------------------------------------------------------------------------------------------------------------------------------------------------------------------------+


+--------------------------------------------------------------------------------------------------------------------------------------------------------------------------------------------------------------+
; Port Connectivity Checks: "hexout:hexout_3"                                                                                                                                                                  ;
+------+-------+----------+------------------------------------------------------------------------------------------------------------------------------------------------------------------------------------+
; Port ; Type  ; Severity ; Details                                                                                                                                                                            ;
+------+-------+----------+------------------------------------------------------------------------------------------------------------------------------------------------------------------------------------+
; data ; Input ; Warning  ; Input port expression (32 bits) is wider than the input port (4 bits) it drives.  The 28 most-significant bit(s) in the expression will be dangling if they have no other fanouts. ;
+------+-------+----------+------------------------------------------------------------------------------------------------------------------------------------------------------------------------------------+


+--------------------------------------------------------------------------------------------------------------------+
; Port Connectivity Checks: "ps2_keyboard:kb"                                                                        ;
+----------+--------+----------+-------------------------------------------------------------------------------------+
; Port     ; Type   ; Severity ; Details                                                                             ;
+----------+--------+----------+-------------------------------------------------------------------------------------+
; overflow ; Output ; Info     ; Connected to dangling logic. Logic that only feeds a dangling port will be removed. ;
+----------+--------+----------+-------------------------------------------------------------------------------------+


+-----------------------------------------------------+
; Post-Synthesis Netlist Statistics for Top Partition ;
+-----------------------+-----------------------------+
; Type                  ; Count                       ;
+-----------------------+-----------------------------+
; arriav_ff             ; 60                          ;
;     ENA               ; 17                          ;
;     plain             ; 43                          ;
; arriav_io_obuf        ; 4                           ;
; arriav_lcell_comb     ; 134                         ;
;     arith             ; 10                          ;
;         1 data inputs ; 10                          ;
;     normal            ; 124                         ;
;         0 data inputs ; 1                           ;
;         1 data inputs ; 3                           ;
;         2 data inputs ; 7                           ;
;         3 data inputs ; 9                           ;
;         4 data inputs ; 30                          ;
;         5 data inputs ; 44                          ;
;         6 data inputs ; 30                          ;
; boundary_port         ; 74                          ;
; stratixv_ram_block    ; 16                          ;
;                       ;                             ;
; Max LUT depth         ; 4.00                        ;
; Average LUT depth     ; 2.33                        ;
+-----------------------+-----------------------------+


+-------------------------------+
; Elapsed Time Per Partition    ;
+----------------+--------------+
; Partition Name ; Elapsed Time ;
+----------------+--------------+
; Top            ; 00:00:01     ;
+----------------+--------------+


+-------------------------------+
; Analysis & Synthesis Messages ;
+-------------------------------+
Info: *******************************************************************
Info: Running Quartus Prime Analysis & Synthesis
    Info: Version 18.1.0 Build 625 09/12/2018 SJ Lite Edition
    Info: Processing started: Sun May 30 14:47:31 2021
Info: Command: quartus_map --read_settings_files=on --write_settings_files=off exp8 -c exp8
Warning (18236): Number of processors has not been specified which may cause overloading on shared machines.  Set the global assignment NUM_PARALLEL_PROCESSORS in your QSF to an appropriate value for best performance.
Info (20030): Parallel compilation is enabled and will use 8 of the 8 processors detected
Info (12021): Found 1 design units, including 1 entities, in source file ram.v
    Info (12023): Found entity 1: ram File: C:/fpga/exp8/ram.v Line: 39
Info (12021): Found 1 design units, including 1 entities, in source file rom.v
    Info (12023): Found entity 1: rom File: C:/fpga/exp8/rom.v Line: 39
Info (12021): Found 1 design units, including 1 entities, in source file rom_2.v
    Info (12023): Found entity 1: rom_2 File: C:/fpga/exp8/rom_2.v Line: 39
Info (12021): Found 1 design units, including 1 entities, in source file rom_3.v
    Info (12023): Found entity 1: rom_3 File: C:/fpga/exp8/rom_3.v Line: 39
Warning (12125): Using design file exp8.v, which is not specified as a design file for the current project, but contains definitions for 1 design units and 1 entities in project
    Info (12023): Found entity 1: exp8 File: C:/fpga/exp8/exp8.v Line: 6
Info (12127): Elaborating entity "exp8" for the top level hierarchy
Warning (10034): Output port "LEDR[9..3]" at exp8.v(21) has no driver File: C:/fpga/exp8/exp8.v Line: 21
Warning (12125): Using design file ps2_keyboard.v, which is not specified as a design file for the current project, but contains definitions for 1 design units and 1 entities in project
    Info (12023): Found entity 1: ps2_keyboard File: C:/fpga/exp8/ps2_keyboard.v Line: 1
Info (12128): Elaborating entity "ps2_keyboard" for hierarchy "ps2_keyboard:kb" File: C:/fpga/exp8/exp8.v Line: 83
Info (12128): Elaborating entity "rom_3" for hierarchy "rom_3:rom_1" File: C:/fpga/exp8/exp8.v Line: 84
Info (12128): Elaborating entity "altsyncram" for hierarchy "rom_3:rom_1|altsyncram:altsyncram_component" File: C:/fpga/exp8/rom_3.v Line: 81
Info (12130): Elaborated megafunction instantiation "rom_3:rom_1|altsyncram:altsyncram_component" File: C:/fpga/exp8/rom_3.v Line: 81
Info (12133): Instantiated megafunction "rom_3:rom_1|altsyncram:altsyncram_component" with the following parameter: File: C:/fpga/exp8/rom_3.v Line: 81
    Info (12134): Parameter "address_aclr_a" = "NONE"
    Info (12134): Parameter "clock_enable_input_a" = "BYPASS"
    Info (12134): Parameter "clock_enable_output_a" = "BYPASS"
    Info (12134): Parameter "init_file" = "scancode.mif"
    Info (12134): Parameter "intended_device_family" = "Cyclone V"
    Info (12134): Parameter "lpm_hint" = "ENABLE_RUNTIME_MOD=NO"
    Info (12134): Parameter "lpm_type" = "altsyncram"
    Info (12134): Parameter "numwords_a" = "256"
    Info (12134): Parameter "operation_mode" = "ROM"
    Info (12134): Parameter "outdata_aclr_a" = "NONE"
    Info (12134): Parameter "outdata_reg_a" = "UNREGISTERED"
    Info (12134): Parameter "widthad_a" = "8"
    Info (12134): Parameter "width_a" = "8"
    Info (12134): Parameter "width_byteena_a" = "1"
Info (12021): Found 1 design units, including 1 entities, in source file db/altsyncram_5bg1.tdf
    Info (12023): Found entity 1: altsyncram_5bg1 File: C:/fpga/exp8/db/altsyncram_5bg1.tdf Line: 27
Info (12128): Elaborating entity "altsyncram_5bg1" for hierarchy "rom_3:rom_1|altsyncram:altsyncram_component|altsyncram_5bg1:auto_generated" File: c:/intelfpga_lite/18.1/quartus/libraries/megafunctions/altsyncram.tdf Line: 791
Warning (12125): Using design file hexout.v, which is not specified as a design file for the current project, but contains definitions for 1 design units and 1 entities in project
    Info (12023): Found entity 1: hexout File: C:/fpga/exp8/hexout.v Line: 1
Info (12128): Elaborating entity "hexout" for hierarchy "hexout:hexout_0" File: C:/fpga/exp8/exp8.v Line: 85
Warning (10235): Verilog HDL Always Construct warning at hexout.v(26): variable "en" is read inside the Always Construct but isn't in the Always Construct's Event Control File: C:/fpga/exp8/hexout.v Line: 26
Warning (10030): Net "NUMS.data_a" at hexout.v(6) has no driver or initial value, using a default initial value '0' File: C:/fpga/exp8/hexout.v Line: 6
Warning (10030): Net "NUMS.waddr_a" at hexout.v(6) has no driver or initial value, using a default initial value '0' File: C:/fpga/exp8/hexout.v Line: 6
Warning (10030): Net "NUMS.we_a" at hexout.v(6) has no driver or initial value, using a default initial value '0' File: C:/fpga/exp8/hexout.v Line: 6
Warning (276020): Inferred RAM node "ps2_keyboard:kb|fifo_rtl_0" from synchronous design logic.  Pass-through logic has been added to match the read-during-write behavior of the original design.
Info (276014): Found 6 instances of uninferred RAM logic
    Info (276004): RAM logic "hexout:hexout_5|NUMS" is uninferred due to inappropriate RAM size File: C:/fpga/exp8/hexout.v Line: 6
    Info (276004): RAM logic "hexout:hexout_4|NUMS" is uninferred due to inappropriate RAM size File: C:/fpga/exp8/hexout.v Line: 6
    Info (276004): RAM logic "hexout:hexout_3|NUMS" is uninferred due to inappropriate RAM size File: C:/fpga/exp8/hexout.v Line: 6
    Info (276004): RAM logic "hexout:hexout_2|NUMS" is uninferred due to inappropriate RAM size File: C:/fpga/exp8/hexout.v Line: 6
    Info (276004): RAM logic "hexout:hexout_1|NUMS" is uninferred due to inappropriate RAM size File: C:/fpga/exp8/hexout.v Line: 6
    Info (276004): RAM logic "hexout:hexout_0|NUMS" is uninferred due to inappropriate RAM size File: C:/fpga/exp8/hexout.v Line: 6
Info (19000): Inferred 1 megafunctions from design logic
    Info (276029): Inferred altsyncram megafunction from the following design logic: "ps2_keyboard:kb|fifo_rtl_0" 
        Info (286033): Parameter OPERATION_MODE set to DUAL_PORT
        Info (286033): Parameter WIDTH_A set to 8
        Info (286033): Parameter WIDTHAD_A set to 3
        Info (286033): Parameter NUMWORDS_A set to 8
        Info (286033): Parameter WIDTH_B set to 8
        Info (286033): Parameter WIDTHAD_B set to 3
        Info (286033): Parameter NUMWORDS_B set to 8
        Info (286033): Parameter ADDRESS_ACLR_A set to NONE
        Info (286033): Parameter OUTDATA_REG_B set to UNREGISTERED
        Info (286033): Parameter ADDRESS_ACLR_B set to NONE
        Info (286033): Parameter OUTDATA_ACLR_B set to NONE
        Info (286033): Parameter ADDRESS_REG_B set to CLOCK0
        Info (286033): Parameter INDATA_ACLR_A set to NONE
        Info (286033): Parameter WRCONTROL_ACLR_A set to NONE
Info (12130): Elaborated megafunction instantiation "ps2_keyboard:kb|altsyncram:fifo_rtl_0"
Info (12133): Instantiated megafunction "ps2_keyboard:kb|altsyncram:fifo_rtl_0" with the following parameter:
    Info (12134): Parameter "OPERATION_MODE" = "DUAL_PORT"
    Info (12134): Parameter "WIDTH_A" = "8"
    Info (12134): Parameter "WIDTHAD_A" = "3"
    Info (12134): Parameter "NUMWORDS_A" = "8"
    Info (12134): Parameter "WIDTH_B" = "8"
    Info (12134): Parameter "WIDTHAD_B" = "3"
    Info (12134): Parameter "NUMWORDS_B" = "8"
    Info (12134): Parameter "ADDRESS_ACLR_A" = "NONE"
    Info (12134): Parameter "OUTDATA_REG_B" = "UNREGISTERED"
    Info (12134): Parameter "ADDRESS_ACLR_B" = "NONE"
    Info (12134): Parameter "OUTDATA_ACLR_B" = "NONE"
    Info (12134): Parameter "ADDRESS_REG_B" = "CLOCK0"
    Info (12134): Parameter "INDATA_ACLR_A" = "NONE"
    Info (12134): Parameter "WRCONTROL_ACLR_A" = "NONE"
Info (12021): Found 1 design units, including 1 entities, in source file db/altsyncram_edi1.tdf
    Info (12023): Found entity 1: altsyncram_edi1 File: C:/fpga/exp8/db/altsyncram_edi1.tdf Line: 27
Warning (12241): 3 hierarchies have connectivity warnings - see the Connectivity Checks report folder
Warning (13039): The following bidirectional pins have no drivers
    Warning (13040): bidirectional pin "PS2_CLK" has no driver File: C:/fpga/exp8/exp8.v Line: 32
    Warning (13040): bidirectional pin "PS2_DAT" has no driver File: C:/fpga/exp8/exp8.v Line: 34
    Warning (13040): bidirectional pin "PS2_CLK2" has no driver File: C:/fpga/exp8/exp8.v Line: 33
    Warning (13040): bidirectional pin "PS2_DAT2" has no driver File: C:/fpga/exp8/exp8.v Line: 36
Warning (13024): Output pins are stuck at VCC or GND
    Warning (13410): Pin "LEDR[3]" is stuck at GND File: C:/fpga/exp8/exp8.v Line: 21
    Warning (13410): Pin "LEDR[4]" is stuck at GND File: C:/fpga/exp8/exp8.v Line: 21
    Warning (13410): Pin "LEDR[5]" is stuck at GND File: C:/fpga/exp8/exp8.v Line: 21
    Warning (13410): Pin "LEDR[6]" is stuck at GND File: C:/fpga/exp8/exp8.v Line: 21
    Warning (13410): Pin "LEDR[7]" is stuck at GND File: C:/fpga/exp8/exp8.v Line: 21
    Warning (13410): Pin "LEDR[8]" is stuck at GND File: C:/fpga/exp8/exp8.v Line: 21
    Warning (13410): Pin "LEDR[9]" is stuck at GND File: C:/fpga/exp8/exp8.v Line: 21
Info (286030): Timing-Driven Synthesis is running
Info (17049): 27 registers lost all their fanouts during netlist optimizations.
Info (144001): Generated suppressed messages file C:/fpga/exp8/exp8.map.smsg
Info (16010): Generating hard_block partition "hard_block:auto_generated_inst"
    Info (16011): Adding 0 node(s), including 0 DDIO, 0 PLL, 0 transceiver and 0 LCELL
Warning (21074): Design contains 16 input pin(s) that do not drive logic
    Warning (15610): No output dependent on input pin "CLOCK2_50" File: C:/fpga/exp8/exp8.v Line: 9
    Warning (15610): No output dependent on input pin "CLOCK3_50" File: C:/fpga/exp8/exp8.v Line: 10
    Warning (15610): No output dependent on input pin "CLOCK4_50" File: C:/fpga/exp8/exp8.v Line: 11
    Warning (15610): No output dependent on input pin "KEY[0]" File: C:/fpga/exp8/exp8.v Line: 15
    Warning (15610): No output dependent on input pin "KEY[1]" File: C:/fpga/exp8/exp8.v Line: 15
    Warning (15610): No output dependent on input pin "KEY[2]" File: C:/fpga/exp8/exp8.v Line: 15
    Warning (15610): No output dependent on input pin "KEY[3]" File: C:/fpga/exp8/exp8.v Line: 15
    Warning (15610): No output dependent on input pin "SW[1]" File: C:/fpga/exp8/exp8.v Line: 18
    Warning (15610): No output dependent on input pin "SW[2]" File: C:/fpga/exp8/exp8.v Line: 18
    Warning (15610): No output dependent on input pin "SW[3]" File: C:/fpga/exp8/exp8.v Line: 18
    Warning (15610): No output dependent on input pin "SW[4]" File: C:/fpga/exp8/exp8.v Line: 18
    Warning (15610): No output dependent on input pin "SW[5]" File: C:/fpga/exp8/exp8.v Line: 18
    Warning (15610): No output dependent on input pin "SW[6]" File: C:/fpga/exp8/exp8.v Line: 18
    Warning (15610): No output dependent on input pin "SW[7]" File: C:/fpga/exp8/exp8.v Line: 18
    Warning (15610): No output dependent on input pin "SW[8]" File: C:/fpga/exp8/exp8.v Line: 18
    Warning (15610): No output dependent on input pin "SW[9]" File: C:/fpga/exp8/exp8.v Line: 18
Info (21057): Implemented 252 device resources after synthesis - the final resource count might be different
    Info (21058): Implemented 18 input pins
    Info (21059): Implemented 52 output pins
    Info (21060): Implemented 4 bidirectional pins
    Info (21061): Implemented 162 logic cells
    Info (21064): Implemented 16 RAM segments
Info: Quartus Prime Analysis & Synthesis was successful. 0 errors, 41 warnings
    Info: Peak virtual memory: 4876 megabytes
    Info: Processing ended: Sun May 30 14:47:48 2021
    Info: Elapsed time: 00:00:17
    Info: Total CPU time (on all processors): 00:00:36


+------------------------------------------+
; Analysis & Synthesis Suppressed Messages ;
+------------------------------------------+
The suppressed messages can be found in C:/fpga/exp8/exp8.map.smsg.


