Flow report for exp8
Sun May 30 14:53:14 2021
Quartus Prime Version 18.1.0 Build 625 09/12/2018 SJ Lite Edition


---------------------
; Table of Contents ;
---------------------
  1. Legal Notice
  2. Flow Summary
  3. Flow Settings
  4. Flow Non-Default Global Settings
  5. Flow Elapsed Time
  6. Flow OS Summary
  7. Flow Log
  8. Flow Messages
  9. Flow Suppressed Messages



----------------
; Legal Notice ;
----------------
Copyright (C) 2018  Intel Corporation. All rights reserved.
Your use of Intel Corporation's design tools, logic functions 
and other software and tools, and its AMPP partner logic 
functions, and any output files from any of the foregoing 
(including device programming or simulation files), and any 
associated documentation or information are expressly subject 
to the terms and conditions of the Intel Program License 
Subscription Agreement, the Intel Quartus Prime License Agreement,
the Intel FPGA IP License Agreement, or other applicable license
agreement, including, without limitation, that your use is for
the sole purpose of programming logic devices manufactured by
Intel and sold by Intel or its authorized distributors.  Please
refer to the applicable agreement for further details.



+-------------------------------------------------------------------------------+
; Flow Summary                                                                  ;
+---------------------------------+---------------------------------------------+
; Flow Status                     ; Successful - Sun May 30 14:53:14 2021       ;
; Quartus Prime Version           ; 18.1.0 Build 625 09/12/2018 SJ Lite Edition ;
; Revision Name                   ; exp8                                        ;
; Top-level Entity Name           ; exp8                                        ;
; Family                          ; Cyclone V                                   ;
; Device                          ; 5CSXFC6D6F31C6                              ;
; Timing Models                   ; Final                                       ;
; Logic utilization (in ALMs)     ; 81 / 41,910 ( < 1 % )                       ;
; Total registers                 ; 68                                          ;
; Total pins                      ; 74 / 499 ( 15 % )                           ;
; Total virtual pins              ; 0                                           ;
; Total block memory bits         ; 2,112 / 5,662,720 ( < 1 % )                 ;
; Total DSP Blocks                ; 0 / 112 ( 0 % )                             ;
; Total HSSI RX PCSs              ; 0 / 9 ( 0 % )                               ;
; Total HSSI PMA RX Deserializers ; 0 / 9 ( 0 % )                               ;
; Total HSSI TX PCSs              ; 0 / 9 ( 0 % )                               ;
; Total HSSI PMA TX Serializers   ; 0 / 9 ( 0 % )                               ;
; Total PLLs                      ; 0 / 15 ( 0 % )                              ;
; Total DLLs                      ; 0 / 4 ( 0 % )                               ;
+---------------------------------+---------------------------------------------+


+-----------------------------------------+
; Flow Settings                           ;
+-------------------+---------------------+
; Option            ; Setting             ;
+-------------------+---------------------+
; Start date & time ; 05/30/2021 14:47:32 ;
; Main task         ; Compilation         ;
; Revision Name     ; exp8                ;
+-------------------+---------------------+


+-------------------------------------------------------------------------------------------------------------------------+
; Flow Non-Default Global Settings                                                                                        ;
+-------------------------------------+----------------------------------------+---------------+-------------+------------+
; Assignment Name                     ; Value                                  ; Default Value ; Entity Name ; Section Id ;
+-------------------------------------+----------------------------------------+---------------+-------------+------------+
; COMPILER_SIGNATURE_ID               ; 1098517292839.162235725117328          ; --            ; --          ; --         ;
; MISC_FILE                           ; ram_bb.v                               ; --            ; --          ; --         ;
; MISC_FILE                           ; rom_bb.v                               ; --            ; --          ; --         ;
; MISC_FILE                           ; rom_2_bb.v                             ; --            ; --          ; --         ;
; MISC_FILE                           ; rom_3_bb.v                             ; --            ; --          ; --         ;
; PARTITION_COLOR                     ; -- (Not supported for targeted family) ; --            ; --          ; Top        ;
; PARTITION_FITTER_PRESERVATION_LEVEL ; -- (Not supported for targeted family) ; --            ; --          ; Top        ;
; PARTITION_NETLIST_TYPE              ; -- (Not supported for targeted family) ; --            ; --          ; Top        ;
+-------------------------------------+----------------------------------------+---------------+-------------+------------+


+--------------------------------------------------------------------------------------------------------------------------+
; Flow Elapsed Time                                                                                                        ;
+----------------------+--------------+-------------------------+---------------------+------------------------------------+
; Module Name          ; Elapsed Time ; Average Processors Used ; Peak Virtual Memory ; Total CPU Time (on all processors) ;
+----------------------+--------------+-------------------------+---------------------+------------------------------------+
; Analysis & Synthesis ; 00:00:17     ; 1.0                     ; 4876 MB             ; 00:00:35                           ;
; Fitter               ; 00:00:48     ; 1.0                     ; 7075 MB             ; 00:02:02                           ;
; Assembler            ; 00:00:08     ; 1.0                     ; 4830 MB             ; 00:00:09                           ;
; Timing Analyzer      ; 00:00:09     ; 1.2                     ; 5209 MB             ; 00:00:10                           ;
; EDA Netlist Writer   ; 00:00:02     ; 1.0                     ; 4708 MB             ; 00:00:02                           ;
; Total                ; 00:01:24     ; --                      ; --                  ; 00:02:58                           ;
+----------------------+--------------+-------------------------+---------------------+------------------------------------+


+------------------------------------------------------------------------------------+
; Flow OS Summary                                                                    ;
+----------------------+------------------+------------+------------+----------------+
; Module Name          ; Machine Hostname ; OS Name    ; OS Version ; Processor type ;
+----------------------+------------------+------------+------------+----------------+
; Analysis & Synthesis ; dy1cnoPC1        ; Windows 10 ; 10.0       ; x86_64         ;
; Fitter               ; dy1cnoPC1        ; Windows 10 ; 10.0       ; x86_64         ;
; Assembler            ; dy1cnoPC1        ; Windows 10 ; 10.0       ; x86_64         ;
; Timing Analyzer      ; dy1cnoPC1        ; Windows 10 ; 10.0       ; x86_64         ;
; EDA Netlist Writer   ; dy1cnoPC1        ; Windows 10 ; 10.0       ; x86_64         ;
+----------------------+------------------+------------+------------+----------------+


------------
; Flow Log ;
------------
quartus_map --read_settings_files=on --write_settings_files=off exp8 -c exp8
quartus_fit --read_settings_files=off --write_settings_files=off exp8 -c exp8
quartus_asm --read_settings_files=off --write_settings_files=off exp8 -c exp8
quartus_sta exp8 -c exp8
quartus_eda --read_settings_files=on --write_settings_files=off exp8 -c exp8 --gen_testbench



