Analysis & Synthesis report for exp13
Mon Jun 21 16:55:21 2021
Quartus Prime Version 18.1.0 Build 625 09/12/2018 SJ Lite Edition


---------------------
; Table of Contents ;
---------------------
  1. Legal Notice
  2. Analysis & Synthesis Summary
  3. Analysis & Synthesis Settings
  4. Parallel Compilation
  5. Analysis & Synthesis Source Files Read
  6. Analysis & Synthesis Resource Usage Summary
  7. Analysis & Synthesis Resource Utilization by Entity
  8. Analysis & Synthesis RAM Summary
  9. Analysis & Synthesis IP Cores Summary
 10. Registers Removed During Synthesis
 11. Removed Registers Triggering Further Register Optimizations
 12. General Register Statistics
 13. Multiplexer Restructuring Statistics (Restructuring Performed)
 14. Source assignments for dic:print_dic|altsyncram:altsyncram_component|altsyncram_8iq1:auto_generated
 15. Parameter Settings for User Entity Instance: clkgen:clk_2
 16. Parameter Settings for User Entity Instance: dic:print_dic|altsyncram:altsyncram_component
 17. Parameter Settings for User Entity Instance: clkgen:clk_25
 18. Parameter Settings for User Entity Instance: vga_ctrl:vga
 19. Parameter Settings for Inferred Entity Instance: lpm_divide:Mod0
 20. Parameter Settings for Inferred Entity Instance: lpm_divide:Mod1
 21. altsyncram Parameter Settings by Entity Instance
 22. Port Connectivity Checks: "hexout:h_1"
 23. Port Connectivity Checks: "hexout:h_0"
 24. Port Connectivity Checks: "vga_ctrl:vga"
 25. Port Connectivity Checks: "clkgen:clk_25"
 26. Port Connectivity Checks: "clkgen:clk_2"
 27. Port Connectivity Checks: "keyboard:kb|ps2_keyboard:k1"
 28. Port Connectivity Checks: "keyboard:kb"
 29. Post-Synthesis Netlist Statistics for Top Partition
 30. Elapsed Time Per Partition
 31. Analysis & Synthesis Messages
 32. Analysis & Synthesis Suppressed Messages



----------------
; Legal Notice ;
----------------
Copyright (C) 2018  Intel Corporation. All rights reserved.
Your use of Intel Corporation's design tools, logic functions 
and other software and tools, and its AMPP partner logic 
functions, and any output files from any of the foregoing 
(including device programming or simulation files), and any 
associated documentation or information are expressly subject 
to the terms and conditions of the Intel Program License 
Subscription Agreement, the Intel Quartus Prime License Agreement,
the Intel FPGA IP License Agreement, or other applicable license
agreement, including, without limitation, that your use is for
the sole purpose of programming logic devices manufactured by
Intel and sold by Intel or its authorized distributors.  Please
refer to the applicable agreement for further details.



+-------------------------------------------------------------------------------+
; Analysis & Synthesis Summary                                                  ;
+---------------------------------+---------------------------------------------+
; Analysis & Synthesis Status     ; Successful - Mon Jun 21 16:55:21 2021       ;
; Quartus Prime Version           ; 18.1.0 Build 625 09/12/2018 SJ Lite Edition ;
; Revision Name                   ; exp13                                       ;
; Top-level Entity Name           ; exp13                                       ;
; Family                          ; Cyclone V                                   ;
; Logic utilization (in ALMs)     ; N/A                                         ;
; Total registers                 ; 204                                         ;
; Total pins                      ; 99                                          ;
; Total virtual pins              ; 0                                           ;
; Total block memory bits         ; 16,384                                      ;
; Total DSP Blocks                ; 0                                           ;
; Total HSSI RX PCSs              ; 0                                           ;
; Total HSSI PMA RX Deserializers ; 0                                           ;
; Total HSSI TX PCSs              ; 0                                           ;
; Total HSSI PMA TX Serializers   ; 0                                           ;
; Total PLLs                      ; 0                                           ;
; Total DLLs                      ; 0                                           ;
+---------------------------------+---------------------------------------------+


+---------------------------------------------------------------------------------------------------------------------------+
; Analysis & Synthesis Settings                                                                                             ;
+---------------------------------------------------------------------------------+--------------------+--------------------+
; Option                                                                          ; Setting            ; Default Value      ;
+---------------------------------------------------------------------------------+--------------------+--------------------+
; Device                                                                          ; 5CSXFC6D6F31C6     ;                    ;
; Top-level entity name                                                           ; exp13              ; exp13              ;
; Family name                                                                     ; Cyclone V          ; Cyclone V          ;
; Use smart compilation                                                           ; Off                ; Off                ;
; Enable parallel Assembler and Timing Analyzer during compilation                ; On                 ; On                 ;
; Enable compact report table                                                     ; Off                ; Off                ;
; Restructure Multiplexers                                                        ; Auto               ; Auto               ;
; MLAB Add Timing Constraints For Mixed-Port Feed-Through Mode Setting Don't Care ; Off                ; Off                ;
; Create Debugging Nodes for IP Cores                                             ; Off                ; Off                ;
; Preserve fewer node names                                                       ; On                 ; On                 ;
; Intel FPGA IP Evaluation Mode                                                   ; Enable             ; Enable             ;
; Verilog Version                                                                 ; Verilog_2001       ; Verilog_2001       ;
; VHDL Version                                                                    ; VHDL_1993          ; VHDL_1993          ;
; State Machine Processing                                                        ; Auto               ; Auto               ;
; Safe State Machine                                                              ; Off                ; Off                ;
; Extract Verilog State Machines                                                  ; On                 ; On                 ;
; Extract VHDL State Machines                                                     ; On                 ; On                 ;
; Ignore Verilog initial constructs                                               ; Off                ; Off                ;
; Iteration limit for constant Verilog loops                                      ; 5000               ; 5000               ;
; Iteration limit for non-constant Verilog loops                                  ; 250                ; 250                ;
; Add Pass-Through Logic to Inferred RAMs                                         ; On                 ; On                 ;
; Infer RAMs from Raw Logic                                                       ; On                 ; On                 ;
; Parallel Synthesis                                                              ; On                 ; On                 ;
; DSP Block Balancing                                                             ; Auto               ; Auto               ;
; NOT Gate Push-Back                                                              ; On                 ; On                 ;
; Power-Up Don't Care                                                             ; On                 ; On                 ;
; Remove Redundant Logic Cells                                                    ; Off                ; Off                ;
; Remove Duplicate Registers                                                      ; On                 ; On                 ;
; Ignore CARRY Buffers                                                            ; Off                ; Off                ;
; Ignore CASCADE Buffers                                                          ; Off                ; Off                ;
; Ignore GLOBAL Buffers                                                           ; Off                ; Off                ;
; Ignore ROW GLOBAL Buffers                                                       ; Off                ; Off                ;
; Ignore LCELL Buffers                                                            ; Off                ; Off                ;
; Ignore SOFT Buffers                                                             ; On                 ; On                 ;
; Limit AHDL Integers to 32 Bits                                                  ; Off                ; Off                ;
; Optimization Technique                                                          ; Balanced           ; Balanced           ;
; Carry Chain Length                                                              ; 70                 ; 70                 ;
; Auto Carry Chains                                                               ; On                 ; On                 ;
; Auto Open-Drain Pins                                                            ; On                 ; On                 ;
; Perform WYSIWYG Primitive Resynthesis                                           ; Off                ; Off                ;
; Auto ROM Replacement                                                            ; On                 ; On                 ;
; Auto RAM Replacement                                                            ; On                 ; On                 ;
; Auto DSP Block Replacement                                                      ; On                 ; On                 ;
; Auto Shift Register Replacement                                                 ; Auto               ; Auto               ;
; Allow Shift Register Merging across Hierarchies                                 ; Auto               ; Auto               ;
; Auto Clock Enable Replacement                                                   ; On                 ; On                 ;
; Strict RAM Replacement                                                          ; Off                ; Off                ;
; Allow Synchronous Control Signals                                               ; On                 ; On                 ;
; Force Use of Synchronous Clear Signals                                          ; Off                ; Off                ;
; Auto Resource Sharing                                                           ; Off                ; Off                ;
; Allow Any RAM Size For Recognition                                              ; Off                ; Off                ;
; Allow Any ROM Size For Recognition                                              ; Off                ; Off                ;
; Allow Any Shift Register Size For Recognition                                   ; Off                ; Off                ;
; Use LogicLock Constraints during Resource Balancing                             ; On                 ; On                 ;
; Ignore translate_off and synthesis_off directives                               ; Off                ; Off                ;
; Timing-Driven Synthesis                                                         ; On                 ; On                 ;
; Report Parameter Settings                                                       ; On                 ; On                 ;
; Report Source Assignments                                                       ; On                 ; On                 ;
; Report Connectivity Checks                                                      ; On                 ; On                 ;
; Ignore Maximum Fan-Out Assignments                                              ; Off                ; Off                ;
; Synchronization Register Chain Length                                           ; 3                  ; 3                  ;
; Power Optimization During Synthesis                                             ; Normal compilation ; Normal compilation ;
; HDL message level                                                               ; Level2             ; Level2             ;
; Suppress Register Optimization Related Messages                                 ; Off                ; Off                ;
; Number of Removed Registers Reported in Synthesis Report                        ; 5000               ; 5000               ;
; Number of Swept Nodes Reported in Synthesis Report                              ; 5000               ; 5000               ;
; Number of Inverted Registers Reported in Synthesis Report                       ; 100                ; 100                ;
; Clock MUX Protection                                                            ; On                 ; On                 ;
; Auto Gated Clock Conversion                                                     ; Off                ; Off                ;
; Block Design Naming                                                             ; Auto               ; Auto               ;
; SDC constraint protection                                                       ; Off                ; Off                ;
; Synthesis Effort                                                                ; Auto               ; Auto               ;
; Shift Register Replacement - Allow Asynchronous Clear Signal                    ; On                 ; On                 ;
; Pre-Mapping Resynthesis Optimization                                            ; Off                ; Off                ;
; Analysis & Synthesis Message Level                                              ; Medium             ; Medium             ;
; Disable Register Merging Across Hierarchies                                     ; Auto               ; Auto               ;
; Resource Aware Inference For Block RAM                                          ; On                 ; On                 ;
; Automatic Parallel Synthesis                                                    ; On                 ; On                 ;
; Partial Reconfiguration Bitstream ID                                            ; Off                ; Off                ;
+---------------------------------------------------------------------------------+--------------------+--------------------+


+------------------------------------------+
; Parallel Compilation                     ;
+----------------------------+-------------+
; Processors                 ; Number      ;
+----------------------------+-------------+
; Number detected on machine ; 8           ;
; Maximum allowed            ; 8           ;
;                            ;             ;
; Average used               ; 1.00        ;
; Maximum used               ; 8           ;
;                            ;             ;
; Usage by Processor         ; % Time Used ;
;     Processor 1            ; 100.0%      ;
;     Processor 2            ;   0.0%      ;
;     Processor 3            ;   0.0%      ;
;     Processor 4            ;   0.0%      ;
;     Processor 5            ;   0.0%      ;
;     Processor 6            ;   0.0%      ;
;     Processor 7            ;   0.0%      ;
;     Processor 8            ;   0.0%      ;
+----------------------------+-------------+


+----------------------------------------------------------------------------------------------------------------------------------------------------------------------------+
; Analysis & Synthesis Source Files Read                                                                                                                                     ;
+----------------------------------+-----------------+------------------------------+------------------------------------------------------------------------------+---------+
; File Name with User-Entered Path ; Used in Netlist ; File Type                    ; File Name with Absolute Path                                                 ; Library ;
+----------------------------------+-----------------+------------------------------+------------------------------------------------------------------------------+---------+
; dic.v                            ; yes             ; User Wizard-Generated File   ; C:/fpga/exp13/dic.v                                                          ;         ;
; exp13.v                          ; yes             ; Auto-Found Verilog HDL File  ; C:/fpga/exp13/exp13.v                                                        ;         ;
; keyboard.v                       ; yes             ; Auto-Found Verilog HDL File  ; C:/fpga/exp13/keyboard.v                                                     ;         ;
; toascii.v                        ; yes             ; Auto-Found Verilog HDL File  ; C:/fpga/exp13/toascii.v                                                      ;         ;
; ps2_keyboard.v                   ; yes             ; Auto-Found Verilog HDL File  ; C:/fpga/exp13/ps2_keyboard.v                                                 ;         ;
; clkgen.v                         ; yes             ; Auto-Found Verilog HDL File  ; C:/fpga/exp13/clkgen.v                                                       ;         ;
; altsyncram.tdf                   ; yes             ; Megafunction                 ; c:/intelfpga_lite/18.1/quartus/libraries/megafunctions/altsyncram.tdf        ;         ;
; stratix_ram_block.inc            ; yes             ; Megafunction                 ; c:/intelfpga_lite/18.1/quartus/libraries/megafunctions/stratix_ram_block.inc ;         ;
; lpm_mux.inc                      ; yes             ; Megafunction                 ; c:/intelfpga_lite/18.1/quartus/libraries/megafunctions/lpm_mux.inc           ;         ;
; lpm_decode.inc                   ; yes             ; Megafunction                 ; c:/intelfpga_lite/18.1/quartus/libraries/megafunctions/lpm_decode.inc        ;         ;
; aglobal181.inc                   ; yes             ; Megafunction                 ; c:/intelfpga_lite/18.1/quartus/libraries/megafunctions/aglobal181.inc        ;         ;
; a_rdenreg.inc                    ; yes             ; Megafunction                 ; c:/intelfpga_lite/18.1/quartus/libraries/megafunctions/a_rdenreg.inc         ;         ;
; altrom.inc                       ; yes             ; Megafunction                 ; c:/intelfpga_lite/18.1/quartus/libraries/megafunctions/altrom.inc            ;         ;
; altram.inc                       ; yes             ; Megafunction                 ; c:/intelfpga_lite/18.1/quartus/libraries/megafunctions/altram.inc            ;         ;
; altdpram.inc                     ; yes             ; Megafunction                 ; c:/intelfpga_lite/18.1/quartus/libraries/megafunctions/altdpram.inc          ;         ;
; db/altsyncram_8iq1.tdf           ; yes             ; Auto-Generated Megafunction  ; C:/fpga/exp13/db/altsyncram_8iq1.tdf                                         ;         ;
; ascii2dots.v                     ; yes             ; Auto-Found Verilog HDL File  ; C:/fpga/exp13/ascii2dots.v                                                   ;         ;
; vga_font.txt                     ; yes             ; Auto-Found File              ; C:/fpga/exp13/vga_font.txt                                                   ;         ;
; vga_ctrl.v                       ; yes             ; Auto-Found Verilog HDL File  ; C:/fpga/exp13/vga_ctrl.v                                                     ;         ;
; hexout.v                         ; yes             ; Auto-Found Verilog HDL File  ; C:/fpga/exp13/hexout.v                                                       ;         ;
; lpm_divide.tdf                   ; yes             ; Megafunction                 ; c:/intelfpga_lite/18.1/quartus/libraries/megafunctions/lpm_divide.tdf        ;         ;
; abs_divider.inc                  ; yes             ; Megafunction                 ; c:/intelfpga_lite/18.1/quartus/libraries/megafunctions/abs_divider.inc       ;         ;
; sign_div_unsign.inc              ; yes             ; Megafunction                 ; c:/intelfpga_lite/18.1/quartus/libraries/megafunctions/sign_div_unsign.inc   ;         ;
; db/lpm_divide_72m.tdf            ; yes             ; Auto-Generated Megafunction  ; C:/fpga/exp13/db/lpm_divide_72m.tdf                                          ;         ;
; db/sign_div_unsign_akh.tdf       ; yes             ; Auto-Generated Megafunction  ; C:/fpga/exp13/db/sign_div_unsign_akh.tdf                                     ;         ;
; db/alt_u_div_qse.tdf             ; yes             ; Auto-Generated Megafunction  ; C:/fpga/exp13/db/alt_u_div_qse.tdf                                           ;         ;
+----------------------------------+-----------------+------------------------------+------------------------------------------------------------------------------+---------+


+-----------------------------------------------------------------------------------------------------------------------------------+
; Analysis & Synthesis Resource Usage Summary                                                                                       ;
+---------------------------------------------+-------------------------------------------------------------------------------------+
; Resource                                    ; Usage                                                                               ;
+---------------------------------------------+-------------------------------------------------------------------------------------+
; Estimate of Logic utilization (ALMs needed) ; 830                                                                                 ;
;                                             ;                                                                                     ;
; Combinational ALUT usage for logic          ; 1055                                                                                ;
;     -- 7 input functions                    ; 111                                                                                 ;
;     -- 6 input functions                    ; 484                                                                                 ;
;     -- 5 input functions                    ; 124                                                                                 ;
;     -- 4 input functions                    ; 117                                                                                 ;
;     -- <=3 input functions                  ; 219                                                                                 ;
;                                             ;                                                                                     ;
; Dedicated logic registers                   ; 204                                                                                 ;
;                                             ;                                                                                     ;
; I/O pins                                    ; 99                                                                                  ;
; Total MLAB memory bits                      ; 0                                                                                   ;
; Total block memory bits                     ; 16384                                                                               ;
;                                             ;                                                                                     ;
; Total DSP Blocks                            ; 0                                                                                   ;
;                                             ;                                                                                     ;
; Maximum fan-out node                        ; dic:print_dic|altsyncram:altsyncram_component|altsyncram_8iq1:auto_generated|q_b[2] ;
; Maximum fan-out                             ; 406                                                                                 ;
; Total fan-out                               ; 6255                                                                                ;
; Average fan-out                             ; 4.26                                                                                ;
+---------------------------------------------+-------------------------------------------------------------------------------------+


+--------------------------------------------------------------------------------------------------------------------------------------------------------------------------------------------------------------------------------------------------------------------------------------------------+
; Analysis & Synthesis Resource Utilization by Entity                                                                                                                                                                                                                                              ;
+-------------------------------------------+---------------------+---------------------------+-------------------+------------+------+--------------+--------------------------------------------------------------------------------------------------------+---------------------+--------------+
; Compilation Hierarchy Node                ; Combinational ALUTs ; Dedicated Logic Registers ; Block Memory Bits ; DSP Blocks ; Pins ; Virtual Pins ; Full Hierarchy Name                                                                                    ; Entity Name         ; Library Name ;
+-------------------------------------------+---------------------+---------------------------+-------------------+------------+------+--------------+--------------------------------------------------------------------------------------------------------+---------------------+--------------+
; |exp13                                    ; 1055 (88)           ; 204 (20)                  ; 16384             ; 0          ; 99   ; 0            ; |exp13                                                                                                 ; exp13               ; work         ;
;    |ascii2dots:ascii_dots|                ; 660 (660)           ; 0 (0)                     ; 0                 ; 0          ; 0    ; 0            ; |exp13|ascii2dots:ascii_dots                                                                           ; ascii2dots          ; work         ;
;    |clkgen:clk_25|                        ; 43 (43)             ; 33 (33)                   ; 0                 ; 0          ; 0    ; 0            ; |exp13|clkgen:clk_25                                                                                   ; clkgen              ; work         ;
;    |clkgen:clk_2|                         ; 43 (43)             ; 33 (33)                   ; 0                 ; 0          ; 0    ; 0            ; |exp13|clkgen:clk_2                                                                                    ; clkgen              ; work         ;
;    |dic:print_dic|                        ; 0 (0)               ; 0 (0)                     ; 16384             ; 0          ; 0    ; 0            ; |exp13|dic:print_dic                                                                                   ; dic                 ; work         ;
;       |altsyncram:altsyncram_component|   ; 0 (0)               ; 0 (0)                     ; 16384             ; 0          ; 0    ; 0            ; |exp13|dic:print_dic|altsyncram:altsyncram_component                                                   ; altsyncram          ; work         ;
;          |altsyncram_8iq1:auto_generated| ; 0 (0)               ; 0 (0)                     ; 16384             ; 0          ; 0    ; 0            ; |exp13|dic:print_dic|altsyncram:altsyncram_component|altsyncram_8iq1:auto_generated                    ; altsyncram_8iq1     ; work         ;
;    |hexout:h_0|                           ; 7 (7)               ; 0 (0)                     ; 0                 ; 0          ; 0    ; 0            ; |exp13|hexout:h_0                                                                                      ; hexout              ; work         ;
;    |hexout:h_1|                           ; 7 (7)               ; 0 (0)                     ; 0                 ; 0          ; 0    ; 0            ; |exp13|hexout:h_1                                                                                      ; hexout              ; work         ;
;    |keyboard:kb|                          ; 104 (34)            ; 98 (10)                   ; 0                 ; 0          ; 0    ; 0            ; |exp13|keyboard:kb                                                                                     ; keyboard            ; work         ;
;       |ps2_keyboard:k1|                   ; 70 (70)             ; 88 (88)                   ; 0                 ; 0          ; 0    ; 0            ; |exp13|keyboard:kb|ps2_keyboard:k1                                                                     ; ps2_keyboard        ; work         ;
;    |lpm_divide:Mod0|                      ; 17 (0)              ; 0 (0)                     ; 0                 ; 0          ; 0    ; 0            ; |exp13|lpm_divide:Mod0                                                                                 ; lpm_divide          ; work         ;
;       |lpm_divide_72m:auto_generated|     ; 17 (0)              ; 0 (0)                     ; 0                 ; 0          ; 0    ; 0            ; |exp13|lpm_divide:Mod0|lpm_divide_72m:auto_generated                                                   ; lpm_divide_72m      ; work         ;
;          |sign_div_unsign_akh:divider|    ; 17 (0)              ; 0 (0)                     ; 0                 ; 0          ; 0    ; 0            ; |exp13|lpm_divide:Mod0|lpm_divide_72m:auto_generated|sign_div_unsign_akh:divider                       ; sign_div_unsign_akh ; work         ;
;             |alt_u_div_qse:divider|       ; 17 (17)             ; 0 (0)                     ; 0                 ; 0          ; 0    ; 0            ; |exp13|lpm_divide:Mod0|lpm_divide_72m:auto_generated|sign_div_unsign_akh:divider|alt_u_div_qse:divider ; alt_u_div_qse       ; work         ;
;    |lpm_divide:Mod1|                      ; 17 (0)              ; 0 (0)                     ; 0                 ; 0          ; 0    ; 0            ; |exp13|lpm_divide:Mod1                                                                                 ; lpm_divide          ; work         ;
;       |lpm_divide_72m:auto_generated|     ; 17 (0)              ; 0 (0)                     ; 0                 ; 0          ; 0    ; 0            ; |exp13|lpm_divide:Mod1|lpm_divide_72m:auto_generated                                                   ; lpm_divide_72m      ; work         ;
;          |sign_div_unsign_akh:divider|    ; 17 (0)              ; 0 (0)                     ; 0                 ; 0          ; 0    ; 0            ; |exp13|lpm_divide:Mod1|lpm_divide_72m:auto_generated|sign_div_unsign_akh:divider                       ; sign_div_unsign_akh ; work         ;
;             |alt_u_div_qse:divider|       ; 17 (17)             ; 0 (0)                     ; 0                 ; 0          ; 0    ; 0            ; |exp13|lpm_divide:Mod1|lpm_divide_72m:auto_generated|sign_div_unsign_akh:divider|alt_u_div_qse:divider ; alt_u_div_qse       ; work         ;
;    |vga_ctrl:vga|                         ; 69 (69)             ; 20 (20)                   ; 0                 ; 0          ; 0    ; 0            ; |exp13|vga_ctrl:vga                                                                                    ; vga_ctrl            ; work         ;
+-------------------------------------------+---------------------+---------------------------+-------------------+------------+------+--------------+--------------------------------------------------------------------------------------------------------+---------------------+--------------+
Note: For table entries with two numbers listed, the numbers in parentheses indicate the number of resources of the given type used by the specific entity alone. The numbers listed outside of parentheses indicate the total resources of the given type used by the specific entity and all of its sub-entities in the hierarchy.


+----------------------------------------------------------------------------------------------------------------------------------------------------------------------------------------------+
; Analysis & Synthesis RAM Summary                                                                                                                                                             ;
+-----------------------------------------------------------------------------------------+------+------------------+--------------+--------------+--------------+--------------+-------+------+
; Name                                                                                    ; Type ; Mode             ; Port A Depth ; Port A Width ; Port B Depth ; Port B Width ; Size  ; MIF  ;
+-----------------------------------------------------------------------------------------+------+------------------+--------------+--------------+--------------+--------------+-------+------+
; dic:print_dic|altsyncram:altsyncram_component|altsyncram_8iq1:auto_generated|ALTSYNCRAM ; AUTO ; Simple Dual Port ; 2048         ; 8            ; 2048         ; 8            ; 16384 ; None ;
+-----------------------------------------------------------------------------------------+------+------------------+--------------+--------------+--------------+--------------+-------+------+


+--------------------------------------------------------------------------------------------------------+
; Analysis & Synthesis IP Cores Summary                                                                  ;
+--------+--------------+---------+--------------+--------------+----------------------+-----------------+
; Vendor ; IP Core Name ; Version ; Release Date ; License Type ; Entity Instance      ; IP Include File ;
+--------+--------------+---------+--------------+--------------+----------------------+-----------------+
; Altera ; RAM: 2-PORT  ; 18.1    ; N/A          ; N/A          ; |exp13|dic:print_dic ; dic.v           ;
+--------+--------------+---------+--------------+--------------+----------------------+-----------------+


+--------------------------------------------------------------------------------+
; Registers Removed During Synthesis                                             ;
+---------------------------------------+----------------------------------------+
; Register name                         ; Reason for Removal                     ;
+---------------------------------------+----------------------------------------+
; keyboard:kb|q[7]                      ; Stuck at GND due to stuck port data_in ;
; kb_ascii_buf[7]                       ; Stuck at GND due to stuck port data_in ;
; Total Number of Removed Registers = 2 ;                                        ;
+---------------------------------------+----------------------------------------+


+---------------------------------------------------------------------------------------+
; Removed Registers Triggering Further Register Optimizations                           ;
+------------------+---------------------------+----------------------------------------+
; Register name    ; Reason for Removal        ; Registers Removed due to This Register ;
+------------------+---------------------------+----------------------------------------+
; keyboard:kb|q[7] ; Stuck at GND              ; kb_ascii_buf[7]                        ;
;                  ; due to stuck port data_in ;                                        ;
+------------------+---------------------------+----------------------------------------+


+------------------------------------------------------+
; General Register Statistics                          ;
+----------------------------------------------+-------+
; Statistic                                    ; Value ;
+----------------------------------------------+-------+
; Total registers                              ; 204   ;
; Number of registers using Synchronous Clear  ; 137   ;
; Number of registers using Synchronous Load   ; 0     ;
; Number of registers using Asynchronous Clear ; 0     ;
; Number of registers using Asynchronous Load  ; 0     ;
; Number of registers using Clock Enable       ; 95    ;
; Number of registers using Preset             ; 0     ;
+----------------------------------------------+-------+


+-------------------------------------------------------------------------------------------------------------------------------------------------------------+
; Multiplexer Restructuring Statistics (Restructuring Performed)                                                                                              ;
+--------------------+-----------+---------------+----------------------+------------------------+------------+-----------------------------------------------+
; Multiplexer Inputs ; Bus Width ; Baseline Area ; Area if Restructured ; Saving if Restructured ; Registered ; Example Multiplexer Output                    ;
+--------------------+-----------+---------------+----------------------+------------------------+------------+-----------------------------------------------+
; 3:1                ; 7 bits    ; 14 LEs        ; 7 LEs                ; 7 LEs                  ; Yes        ; |exp13|keyboard:kb|q[2]                       ;
; 3:1                ; 9 bits    ; 18 LEs        ; 0 LEs                ; 18 LEs                 ; Yes        ; |exp13|vga_ctrl:vga|y_cnt[1]                  ;
; 3:1                ; 8 bits    ; 16 LEs        ; 0 LEs                ; 16 LEs                 ; Yes        ; |exp13|keyboard:kb|ps2_keyboard:k1|fifo[0][4] ;
; 3:1                ; 8 bits    ; 16 LEs        ; 0 LEs                ; 16 LEs                 ; Yes        ; |exp13|keyboard:kb|ps2_keyboard:k1|fifo[1][0] ;
; 3:1                ; 8 bits    ; 16 LEs        ; 0 LEs                ; 16 LEs                 ; Yes        ; |exp13|keyboard:kb|ps2_keyboard:k1|fifo[2][0] ;
; 3:1                ; 8 bits    ; 16 LEs        ; 0 LEs                ; 16 LEs                 ; Yes        ; |exp13|keyboard:kb|ps2_keyboard:k1|fifo[3][2] ;
; 3:1                ; 8 bits    ; 16 LEs        ; 0 LEs                ; 16 LEs                 ; Yes        ; |exp13|keyboard:kb|ps2_keyboard:k1|fifo[4][0] ;
; 3:1                ; 8 bits    ; 16 LEs        ; 0 LEs                ; 16 LEs                 ; Yes        ; |exp13|keyboard:kb|ps2_keyboard:k1|fifo[5][0] ;
; 3:1                ; 8 bits    ; 16 LEs        ; 0 LEs                ; 16 LEs                 ; Yes        ; |exp13|keyboard:kb|ps2_keyboard:k1|fifo[6][4] ;
; 3:1                ; 8 bits    ; 16 LEs        ; 0 LEs                ; 16 LEs                 ; Yes        ; |exp13|keyboard:kb|ps2_keyboard:k1|fifo[7][3] ;
; 131:1              ; 5 bits    ; 435 LEs       ; 10 LEs               ; 425 LEs                ; Yes        ; |exp13|wr_hang[0]                             ;
; 132:1              ; 6 bits    ; 528 LEs       ; 24 LEs               ; 504 LEs                ; Yes        ; |exp13|wr_lie[0]                              ;
; 3:1                ; 6 bits    ; 12 LEs        ; 12 LEs               ; 0 LEs                  ; No         ; |exp13|wr_lie                                 ;
; 3:1                ; 6 bits    ; 12 LEs        ; 12 LEs               ; 0 LEs                  ; No         ; |exp13|wr_lie                                 ;
; 8:1                ; 8 bits    ; 40 LEs        ; 40 LEs               ; 0 LEs                  ; No         ; |exp13|keyboard:kb|ps2_keyboard:k1|Mux1       ;
+--------------------+-----------+---------------+----------------------+------------------------+------------+-----------------------------------------------+


+-----------------------------------------------------------------------------------------------------+
; Source assignments for dic:print_dic|altsyncram:altsyncram_component|altsyncram_8iq1:auto_generated ;
+---------------------------------+--------------------+------+---------------------------------------+
; Assignment                      ; Value              ; From ; To                                    ;
+---------------------------------+--------------------+------+---------------------------------------+
; OPTIMIZE_POWER_DURING_SYNTHESIS ; NORMAL_COMPILATION ; -    ; -                                     ;
+---------------------------------+--------------------+------+---------------------------------------+


+-----------------------------------------------------------+
; Parameter Settings for User Entity Instance: clkgen:clk_2 ;
+----------------+---------+--------------------------------+
; Parameter Name ; Value   ; Type                           ;
+----------------+---------+--------------------------------+
; clk_freq       ; 7       ; Signed Integer                 ;
; countlimit     ; 3571428 ; Signed Integer                 ;
+----------------+---------+--------------------------------+
Note: In order to hide this table in the UI and the text report file, please set the "Show Parameter Settings in Synthesis Report" option in "Analysis and Synthesis Settings -> More Settings" to "Off".


+--------------------------------------------------------------------------------------------+
; Parameter Settings for User Entity Instance: dic:print_dic|altsyncram:altsyncram_component ;
+------------------------------------+----------------------+--------------------------------+
; Parameter Name                     ; Value                ; Type                           ;
+------------------------------------+----------------------+--------------------------------+
; BYTE_SIZE_BLOCK                    ; 8                    ; Untyped                        ;
; AUTO_CARRY_CHAINS                  ; ON                   ; AUTO_CARRY                     ;
; IGNORE_CARRY_BUFFERS               ; OFF                  ; IGNORE_CARRY                   ;
; AUTO_CASCADE_CHAINS                ; ON                   ; AUTO_CASCADE                   ;
; IGNORE_CASCADE_BUFFERS             ; OFF                  ; IGNORE_CASCADE                 ;
; WIDTH_BYTEENA                      ; 1                    ; Untyped                        ;
; OPERATION_MODE                     ; DUAL_PORT            ; Untyped                        ;
; WIDTH_A                            ; 8                    ; Signed Integer                 ;
; WIDTHAD_A                          ; 11                   ; Signed Integer                 ;
; NUMWORDS_A                         ; 2048                 ; Signed Integer                 ;
; OUTDATA_REG_A                      ; UNREGISTERED         ; Untyped                        ;
; ADDRESS_ACLR_A                     ; NONE                 ; Untyped                        ;
; OUTDATA_ACLR_A                     ; NONE                 ; Untyped                        ;
; WRCONTROL_ACLR_A                   ; NONE                 ; Untyped                        ;
; INDATA_ACLR_A                      ; NONE                 ; Untyped                        ;
; BYTEENA_ACLR_A                     ; NONE                 ; Untyped                        ;
; WIDTH_B                            ; 8                    ; Signed Integer                 ;
; WIDTHAD_B                          ; 11                   ; Signed Integer                 ;
; NUMWORDS_B                         ; 2048                 ; Signed Integer                 ;
; INDATA_REG_B                       ; CLOCK1               ; Untyped                        ;
; WRCONTROL_WRADDRESS_REG_B          ; CLOCK1               ; Untyped                        ;
; RDCONTROL_REG_B                    ; CLOCK1               ; Untyped                        ;
; ADDRESS_REG_B                      ; CLOCK1               ; Untyped                        ;
; OUTDATA_REG_B                      ; UNREGISTERED         ; Untyped                        ;
; BYTEENA_REG_B                      ; CLOCK1               ; Untyped                        ;
; INDATA_ACLR_B                      ; NONE                 ; Untyped                        ;
; WRCONTROL_ACLR_B                   ; NONE                 ; Untyped                        ;
; ADDRESS_ACLR_B                     ; NONE                 ; Untyped                        ;
; OUTDATA_ACLR_B                     ; NONE                 ; Untyped                        ;
; RDCONTROL_ACLR_B                   ; NONE                 ; Untyped                        ;
; BYTEENA_ACLR_B                     ; NONE                 ; Untyped                        ;
; WIDTH_BYTEENA_A                    ; 1                    ; Signed Integer                 ;
; WIDTH_BYTEENA_B                    ; 1                    ; Untyped                        ;
; RAM_BLOCK_TYPE                     ; AUTO                 ; Untyped                        ;
; BYTE_SIZE                          ; 8                    ; Untyped                        ;
; READ_DURING_WRITE_MODE_MIXED_PORTS ; DONT_CARE            ; Untyped                        ;
; READ_DURING_WRITE_MODE_PORT_A      ; NEW_DATA_NO_NBE_READ ; Untyped                        ;
; READ_DURING_WRITE_MODE_PORT_B      ; NEW_DATA_NO_NBE_READ ; Untyped                        ;
; INIT_FILE                          ; UNUSED               ; Untyped                        ;
; INIT_FILE_LAYOUT                   ; PORT_A               ; Untyped                        ;
; MAXIMUM_DEPTH                      ; 0                    ; Untyped                        ;
; CLOCK_ENABLE_INPUT_A               ; BYPASS               ; Untyped                        ;
; CLOCK_ENABLE_INPUT_B               ; BYPASS               ; Untyped                        ;
; CLOCK_ENABLE_OUTPUT_A              ; NORMAL               ; Untyped                        ;
; CLOCK_ENABLE_OUTPUT_B              ; BYPASS               ; Untyped                        ;
; CLOCK_ENABLE_CORE_A                ; USE_INPUT_CLKEN      ; Untyped                        ;
; CLOCK_ENABLE_CORE_B                ; USE_INPUT_CLKEN      ; Untyped                        ;
; ENABLE_ECC                         ; FALSE                ; Untyped                        ;
; ECC_PIPELINE_STAGE_ENABLED         ; FALSE                ; Untyped                        ;
; WIDTH_ECCSTATUS                    ; 3                    ; Untyped                        ;
; DEVICE_FAMILY                      ; Cyclone V            ; Untyped                        ;
; CBXI_PARAMETER                     ; altsyncram_8iq1      ; Untyped                        ;
+------------------------------------+----------------------+--------------------------------+
Note: In order to hide this table in the UI and the text report file, please set the "Show Parameter Settings in Synthesis Report" option in "Analysis and Synthesis Settings -> More Settings" to "Off".


+------------------------------------------------------------+
; Parameter Settings for User Entity Instance: clkgen:clk_25 ;
+----------------+----------+--------------------------------+
; Parameter Name ; Value    ; Type                           ;
+----------------+----------+--------------------------------+
; clk_freq       ; 25000000 ; Signed Integer                 ;
; countlimit     ; 1        ; Signed Integer                 ;
+----------------+----------+--------------------------------+
Note: In order to hide this table in the UI and the text report file, please set the "Show Parameter Settings in Synthesis Report" option in "Analysis and Synthesis Settings -> More Settings" to "Off".


+-----------------------------------------------------------+
; Parameter Settings for User Entity Instance: vga_ctrl:vga ;
+----------------+-------+----------------------------------+
; Parameter Name ; Value ; Type                             ;
+----------------+-------+----------------------------------+
; h_frontporch   ; 96    ; Signed Integer                   ;
; h_active       ; 144   ; Signed Integer                   ;
; h_backporch    ; 784   ; Signed Integer                   ;
; h_total        ; 800   ; Signed Integer                   ;
; v_frontporch   ; 2     ; Signed Integer                   ;
; v_active       ; 35    ; Signed Integer                   ;
; v_backporch    ; 515   ; Signed Integer                   ;
; v_total        ; 525   ; Signed Integer                   ;
+----------------+-------+----------------------------------+
Note: In order to hide this table in the UI and the text report file, please set the "Show Parameter Settings in Synthesis Report" option in "Analysis and Synthesis Settings -> More Settings" to "Off".


+------------------------------------------------------------------+
; Parameter Settings for Inferred Entity Instance: lpm_divide:Mod0 ;
+------------------------+----------------+------------------------+
; Parameter Name         ; Value          ; Type                   ;
+------------------------+----------------+------------------------+
; LPM_WIDTHN             ; 6              ; Untyped                ;
; LPM_WIDTHD             ; 5              ; Untyped                ;
; LPM_NREPRESENTATION    ; UNSIGNED       ; Untyped                ;
; LPM_DREPRESENTATION    ; UNSIGNED       ; Untyped                ;
; LPM_PIPELINE           ; 0              ; Untyped                ;
; LPM_REMAINDERPOSITIVE  ; TRUE           ; Untyped                ;
; MAXIMIZE_SPEED         ; 5              ; Untyped                ;
; CBXI_PARAMETER         ; lpm_divide_72m ; Untyped                ;
; CARRY_CHAIN            ; MANUAL         ; Untyped                ;
; OPTIMIZE_FOR_SPEED     ; 5              ; Untyped                ;
; AUTO_CARRY_CHAINS      ; ON             ; AUTO_CARRY             ;
; IGNORE_CARRY_BUFFERS   ; OFF            ; IGNORE_CARRY           ;
; AUTO_CASCADE_CHAINS    ; ON             ; AUTO_CASCADE           ;
; IGNORE_CASCADE_BUFFERS ; OFF            ; IGNORE_CASCADE         ;
+------------------------+----------------+------------------------+
Note: In order to hide this table in the UI and the text report file, please set the "Show Parameter Settings in Synthesis Report" option in "Analysis and Synthesis Settings -> More Settings" to "Off".


+------------------------------------------------------------------+
; Parameter Settings for Inferred Entity Instance: lpm_divide:Mod1 ;
+------------------------+----------------+------------------------+
; Parameter Name         ; Value          ; Type                   ;
+------------------------+----------------+------------------------+
; LPM_WIDTHN             ; 6              ; Untyped                ;
; LPM_WIDTHD             ; 5              ; Untyped                ;
; LPM_NREPRESENTATION    ; UNSIGNED       ; Untyped                ;
; LPM_DREPRESENTATION    ; UNSIGNED       ; Untyped                ;
; LPM_PIPELINE           ; 0              ; Untyped                ;
; LPM_REMAINDERPOSITIVE  ; TRUE           ; Untyped                ;
; MAXIMIZE_SPEED         ; 5              ; Untyped                ;
; CBXI_PARAMETER         ; lpm_divide_72m ; Untyped                ;
; CARRY_CHAIN            ; MANUAL         ; Untyped                ;
; OPTIMIZE_FOR_SPEED     ; 5              ; Untyped                ;
; AUTO_CARRY_CHAINS      ; ON             ; AUTO_CARRY             ;
; IGNORE_CARRY_BUFFERS   ; OFF            ; IGNORE_CARRY           ;
; AUTO_CASCADE_CHAINS    ; ON             ; AUTO_CASCADE           ;
; IGNORE_CASCADE_BUFFERS ; OFF            ; IGNORE_CASCADE         ;
+------------------------+----------------+------------------------+
Note: In order to hide this table in the UI and the text report file, please set the "Show Parameter Settings in Synthesis Report" option in "Analysis and Synthesis Settings -> More Settings" to "Off".


+-------------------------------------------------------------------------------------------+
; altsyncram Parameter Settings by Entity Instance                                          ;
+-------------------------------------------+-----------------------------------------------+
; Name                                      ; Value                                         ;
+-------------------------------------------+-----------------------------------------------+
; Number of entity instances                ; 1                                             ;
; Entity Instance                           ; dic:print_dic|altsyncram:altsyncram_component ;
;     -- OPERATION_MODE                     ; DUAL_PORT                                     ;
;     -- WIDTH_A                            ; 8                                             ;
;     -- NUMWORDS_A                         ; 2048                                          ;
;     -- OUTDATA_REG_A                      ; UNREGISTERED                                  ;
;     -- WIDTH_B                            ; 8                                             ;
;     -- NUMWORDS_B                         ; 2048                                          ;
;     -- ADDRESS_REG_B                      ; CLOCK1                                        ;
;     -- OUTDATA_REG_B                      ; UNREGISTERED                                  ;
;     -- RAM_BLOCK_TYPE                     ; AUTO                                          ;
;     -- READ_DURING_WRITE_MODE_MIXED_PORTS ; DONT_CARE                                     ;
+-------------------------------------------+-----------------------------------------------+


+----------------------------------------+
; Port Connectivity Checks: "hexout:h_1" ;
+------+-------+----------+--------------+
; Port ; Type  ; Severity ; Details      ;
+------+-------+----------+--------------+
; en   ; Input ; Info     ; Stuck at VCC ;
+------+-------+----------+--------------+


+----------------------------------------+
; Port Connectivity Checks: "hexout:h_0" ;
+------+-------+----------+--------------+
; Port ; Type  ; Severity ; Details      ;
+------+-------+----------+--------------+
; en   ; Input ; Info     ; Stuck at VCC ;
+------+-------+----------+--------------+


+---------------------------------------------------------------------------------------------------------------------+
; Port Connectivity Checks: "vga_ctrl:vga"                                                                            ;
+-----------+--------+----------+-------------------------------------------------------------------------------------+
; Port      ; Type   ; Severity ; Details                                                                             ;
+-----------+--------+----------+-------------------------------------------------------------------------------------+
; reset     ; Input  ; Info     ; Stuck at GND                                                                        ;
; v_addr[9] ; Output ; Info     ; Connected to dangling logic. Logic that only feeds a dangling port will be removed. ;
+-----------+--------+----------+-------------------------------------------------------------------------------------+


+-------------------------------------------+
; Port Connectivity Checks: "clkgen:clk_25" ;
+-------+-------+----------+----------------+
; Port  ; Type  ; Severity ; Details        ;
+-------+-------+----------+----------------+
; rst   ; Input ; Info     ; Stuck at GND   ;
; clken ; Input ; Info     ; Stuck at VCC   ;
+-------+-------+----------+----------------+


+------------------------------------------+
; Port Connectivity Checks: "clkgen:clk_2" ;
+-------+-------+----------+---------------+
; Port  ; Type  ; Severity ; Details       ;
+-------+-------+----------+---------------+
; rst   ; Input ; Info     ; Stuck at GND  ;
; clken ; Input ; Info     ; Stuck at VCC  ;
+-------+-------+----------+---------------+


+-------------------------------------------------------------------------------------------------------------------------------------------------------------------------------------------------------------------+
; Port Connectivity Checks: "keyboard:kb|ps2_keyboard:k1"                                                                                                                                                           ;
+----------+--------+----------+------------------------------------------------------------------------------------------------------------------------------------------------------------------------------------+
; Port     ; Type   ; Severity ; Details                                                                                                                                                                            ;
+----------+--------+----------+------------------------------------------------------------------------------------------------------------------------------------------------------------------------------------+
; clrn     ; Input  ; Warning  ; Input port expression (32 bits) is wider than the input port (1 bits) it drives.  The 31 most-significant bit(s) in the expression will be dangling if they have no other fanouts. ;
; clrn[-1] ; Input  ; Info     ; Stuck at VCC                                                                                                                                                                       ;
; overflow ; Output ; Info     ; Connected to dangling logic. Logic that only feeds a dangling port will be removed.                                                                                                ;
+----------+--------+----------+------------------------------------------------------------------------------------------------------------------------------------------------------------------------------------+


+-----------------------------------------+
; Port Connectivity Checks: "keyboard:kb" ;
+------+-------+----------+---------------+
; Port ; Type  ; Severity ; Details       ;
+------+-------+----------+---------------+
; en   ; Input ; Info     ; Stuck at VCC  ;
+------+-------+----------+---------------+


+-----------------------------------------------------+
; Post-Synthesis Netlist Statistics for Top Partition ;
+-----------------------+-----------------------------+
; Type                  ; Count                       ;
+-----------------------+-----------------------------+
; arriav_ff             ; 204                         ;
;     ENA               ; 22                          ;
;     ENA SCLR          ; 73                          ;
;     SCLR              ; 64                          ;
;     plain             ; 45                          ;
; arriav_io_obuf        ; 4                           ;
; arriav_lcell_comb     ; 1058                        ;
;     arith             ; 123                         ;
;         0 data inputs ; 8                           ;
;         1 data inputs ; 98                          ;
;         2 data inputs ; 1                           ;
;         3 data inputs ; 2                           ;
;         4 data inputs ; 14                          ;
;     extend            ; 111                         ;
;         7 data inputs ; 111                         ;
;     normal            ; 824                         ;
;         0 data inputs ; 1                           ;
;         1 data inputs ; 5                           ;
;         2 data inputs ; 40                          ;
;         3 data inputs ; 67                          ;
;         4 data inputs ; 103                         ;
;         5 data inputs ; 124                         ;
;         6 data inputs ; 484                         ;
; boundary_port         ; 99                          ;
; stratixv_ram_block    ; 8                           ;
;                       ;                             ;
; Max LUT depth         ; 11.60                       ;
; Average LUT depth     ; 7.06                        ;
+-----------------------+-----------------------------+


+-------------------------------+
; Elapsed Time Per Partition    ;
+----------------+--------------+
; Partition Name ; Elapsed Time ;
+----------------+--------------+
; Top            ; 00:00:05     ;
+----------------+--------------+


+-------------------------------+
; Analysis & Synthesis Messages ;
+-------------------------------+
Info: *******************************************************************
Info: Running Quartus Prime Analysis & Synthesis
    Info: Version 18.1.0 Build 625 09/12/2018 SJ Lite Edition
    Info: Processing started: Mon Jun 21 16:54:58 2021
Info: Command: quartus_map --read_settings_files=on --write_settings_files=off exp13 -c exp13
Warning (18236): Number of processors has not been specified which may cause overloading on shared machines.  Set the global assignment NUM_PARALLEL_PROCESSORS in your QSF to an appropriate value for best performance.
Info (20030): Parallel compilation is enabled and will use 8 of the 8 processors detected
Info (12021): Found 1 design units, including 1 entities, in source file dic.v
    Info (12023): Found entity 1: dic File: C:/fpga/exp13/dic.v Line: 39
Warning (12125): Using design file exp13.v, which is not specified as a design file for the current project, but contains definitions for 1 design units and 1 entities in project
    Info (12023): Found entity 1: exp13 File: C:/fpga/exp13/exp13.v Line: 6
Info (12127): Elaborating entity "exp13" for the top level hierarchy
Warning (10230): Verilog HDL assignment warning at exp13.v(79): truncated value with size 32 to match size of target (6) File: C:/fpga/exp13/exp13.v Line: 79
Warning (10230): Verilog HDL assignment warning at exp13.v(82): truncated value with size 32 to match size of target (5) File: C:/fpga/exp13/exp13.v Line: 82
Warning (10230): Verilog HDL assignment warning at exp13.v(88): truncated value with size 32 to match size of target (6) File: C:/fpga/exp13/exp13.v Line: 88
Warning (10230): Verilog HDL assignment warning at exp13.v(91): truncated value with size 32 to match size of target (5) File: C:/fpga/exp13/exp13.v Line: 91
Warning (10230): Verilog HDL assignment warning at exp13.v(103): truncated value with size 32 to match size of target (6) File: C:/fpga/exp13/exp13.v Line: 103
Warning (10230): Verilog HDL assignment warning at exp13.v(106): truncated value with size 32 to match size of target (5) File: C:/fpga/exp13/exp13.v Line: 106
Warning (10230): Verilog HDL assignment warning at exp13.v(113): truncated value with size 32 to match size of target (6) File: C:/fpga/exp13/exp13.v Line: 113
Warning (10230): Verilog HDL assignment warning at exp13.v(116): truncated value with size 32 to match size of target (5) File: C:/fpga/exp13/exp13.v Line: 116
Warning (10230): Verilog HDL assignment warning at exp13.v(121): truncated value with size 32 to match size of target (5) File: C:/fpga/exp13/exp13.v Line: 121
Warning (10230): Verilog HDL assignment warning at exp13.v(145): truncated value with size 32 to match size of target (12) File: C:/fpga/exp13/exp13.v Line: 145
Warning (10034): Output port "LEDR[9..2]" at exp13.v(18) has no driver File: C:/fpga/exp13/exp13.v Line: 18
Warning (10034): Output port "HEX2" at exp13.v(23) has no driver File: C:/fpga/exp13/exp13.v Line: 23
Warning (10034): Output port "HEX3" at exp13.v(24) has no driver File: C:/fpga/exp13/exp13.v Line: 24
Warning (10034): Output port "HEX4" at exp13.v(25) has no driver File: C:/fpga/exp13/exp13.v Line: 25
Warning (10034): Output port "HEX5" at exp13.v(26) has no driver File: C:/fpga/exp13/exp13.v Line: 26
Warning (12125): Using design file keyboard.v, which is not specified as a design file for the current project, but contains definitions for 1 design units and 1 entities in project
    Info (12023): Found entity 1: keyboard File: C:/fpga/exp13/keyboard.v Line: 1
Info (12128): Elaborating entity "keyboard" for hierarchy "keyboard:kb" File: C:/fpga/exp13/exp13.v Line: 73
Warning (12125): Using design file toascii.v, which is not specified as a design file for the current project, but contains definitions for 1 design units and 1 entities in project
    Info (12023): Found entity 1: toASCII File: C:/fpga/exp13/toascii.v Line: 2
Info (12128): Elaborating entity "toASCII" for hierarchy "keyboard:kb|toASCII:t1" File: C:/fpga/exp13/keyboard.v Line: 25
Warning (10858): Verilog HDL warning at toascii.v(6): object toascii used but never assigned File: C:/fpga/exp13/toascii.v Line: 6
Warning (12125): Using design file ps2_keyboard.v, which is not specified as a design file for the current project, but contains definitions for 1 design units and 1 entities in project
    Info (12023): Found entity 1: ps2_keyboard File: C:/fpga/exp13/ps2_keyboard.v Line: 1
Info (12128): Elaborating entity "ps2_keyboard" for hierarchy "keyboard:kb|ps2_keyboard:k1" File: C:/fpga/exp13/keyboard.v Line: 30
Warning (12125): Using design file clkgen.v, which is not specified as a design file for the current project, but contains definitions for 1 design units and 1 entities in project
    Info (12023): Found entity 1: clkgen File: C:/fpga/exp13/clkgen.v Line: 1
Info (12128): Elaborating entity "clkgen" for hierarchy "clkgen:clk_2" File: C:/fpga/exp13/exp13.v Line: 75
Info (12128): Elaborating entity "dic" for hierarchy "dic:print_dic" File: C:/fpga/exp13/exp13.v Line: 138
Info (12128): Elaborating entity "altsyncram" for hierarchy "dic:print_dic|altsyncram:altsyncram_component" File: C:/fpga/exp13/dic.v Line: 90
Info (12130): Elaborated megafunction instantiation "dic:print_dic|altsyncram:altsyncram_component" File: C:/fpga/exp13/dic.v Line: 90
Info (12133): Instantiated megafunction "dic:print_dic|altsyncram:altsyncram_component" with the following parameter: File: C:/fpga/exp13/dic.v Line: 90
    Info (12134): Parameter "address_aclr_b" = "NONE"
    Info (12134): Parameter "address_reg_b" = "CLOCK1"
    Info (12134): Parameter "clock_enable_input_a" = "BYPASS"
    Info (12134): Parameter "clock_enable_input_b" = "BYPASS"
    Info (12134): Parameter "clock_enable_output_b" = "BYPASS"
    Info (12134): Parameter "intended_device_family" = "Cyclone V"
    Info (12134): Parameter "lpm_type" = "altsyncram"
    Info (12134): Parameter "numwords_a" = "2048"
    Info (12134): Parameter "numwords_b" = "2048"
    Info (12134): Parameter "operation_mode" = "DUAL_PORT"
    Info (12134): Parameter "outdata_aclr_b" = "NONE"
    Info (12134): Parameter "outdata_reg_b" = "UNREGISTERED"
    Info (12134): Parameter "power_up_uninitialized" = "FALSE"
    Info (12134): Parameter "widthad_a" = "11"
    Info (12134): Parameter "widthad_b" = "11"
    Info (12134): Parameter "width_a" = "8"
    Info (12134): Parameter "width_b" = "8"
    Info (12134): Parameter "width_byteena_a" = "1"
Info (12021): Found 1 design units, including 1 entities, in source file db/altsyncram_8iq1.tdf
    Info (12023): Found entity 1: altsyncram_8iq1 File: C:/fpga/exp13/db/altsyncram_8iq1.tdf Line: 27
Info (12128): Elaborating entity "altsyncram_8iq1" for hierarchy "dic:print_dic|altsyncram:altsyncram_component|altsyncram_8iq1:auto_generated" File: c:/intelfpga_lite/18.1/quartus/libraries/megafunctions/altsyncram.tdf Line: 791
Warning (12125): Using design file ascii2dots.v, which is not specified as a design file for the current project, but contains definitions for 1 design units and 1 entities in project
    Info (12023): Found entity 1: ascii2dots File: C:/fpga/exp13/ascii2dots.v Line: 1
Info (12128): Elaborating entity "ascii2dots" for hierarchy "ascii2dots:ascii_dots" File: C:/fpga/exp13/exp13.v Line: 140
Warning (10030): Net "myrom.data_a" at ascii2dots.v(6) has no driver or initial value, using a default initial value '0' File: C:/fpga/exp13/ascii2dots.v Line: 6
Warning (10030): Net "myrom.waddr_a" at ascii2dots.v(6) has no driver or initial value, using a default initial value '0' File: C:/fpga/exp13/ascii2dots.v Line: 6
Warning (10030): Net "myrom.we_a" at ascii2dots.v(6) has no driver or initial value, using a default initial value '0' File: C:/fpga/exp13/ascii2dots.v Line: 6
Info (12128): Elaborating entity "clkgen" for hierarchy "clkgen:clk_25" File: C:/fpga/exp13/exp13.v Line: 142
Warning (12125): Using design file vga_ctrl.v, which is not specified as a design file for the current project, but contains definitions for 1 design units and 1 entities in project
    Info (12023): Found entity 1: vga_ctrl File: C:/fpga/exp13/vga_ctrl.v Line: 1
Info (12128): Elaborating entity "vga_ctrl" for hierarchy "vga_ctrl:vga" File: C:/fpga/exp13/exp13.v Line: 158
Warning (12125): Using design file hexout.v, which is not specified as a design file for the current project, but contains definitions for 1 design units and 1 entities in project
    Info (12023): Found entity 1: hexout File: C:/fpga/exp13/hexout.v Line: 1
Info (12128): Elaborating entity "hexout" for hierarchy "hexout:h_0" File: C:/fpga/exp13/exp13.v Line: 161
Warning (10235): Verilog HDL Always Construct warning at hexout.v(26): variable "en" is read inside the Always Construct but isn't in the Always Construct's Event Control File: C:/fpga/exp13/hexout.v Line: 26
Warning (10030): Net "NUMS.data_a" at hexout.v(6) has no driver or initial value, using a default initial value '0' File: C:/fpga/exp13/hexout.v Line: 6
Warning (10030): Net "NUMS.waddr_a" at hexout.v(6) has no driver or initial value, using a default initial value '0' File: C:/fpga/exp13/hexout.v Line: 6
Warning (10030): Net "NUMS.we_a" at hexout.v(6) has no driver or initial value, using a default initial value '0' File: C:/fpga/exp13/hexout.v Line: 6
Info (276014): Found 4 instances of uninferred RAM logic
    Info (276004): RAM logic "hexout:h_1|NUMS" is uninferred due to inappropriate RAM size File: C:/fpga/exp13/hexout.v Line: 6
    Info (276004): RAM logic "hexout:h_0|NUMS" is uninferred due to inappropriate RAM size File: C:/fpga/exp13/hexout.v Line: 6
    Info (276007): RAM logic "ascii2dots:ascii_dots|myrom" is uninferred due to asynchronous read logic File: C:/fpga/exp13/ascii2dots.v Line: 6
    Info (276007): RAM logic "keyboard:kb|toASCII:t1|toascii" is uninferred due to asynchronous read logic File: C:/fpga/exp13/toascii.v Line: 6
Info (278001): Inferred 2 megafunctions from design logic
    Info (278004): Inferred divider/modulo megafunction ("lpm_divide") from the following logic: "Mod0" File: C:/fpga/exp13/exp13.v Line: 82
    Info (278004): Inferred divider/modulo megafunction ("lpm_divide") from the following logic: "Mod1" File: C:/fpga/exp13/exp13.v Line: 116
Info (12130): Elaborated megafunction instantiation "lpm_divide:Mod0" File: C:/fpga/exp13/exp13.v Line: 82
Info (12133): Instantiated megafunction "lpm_divide:Mod0" with the following parameter: File: C:/fpga/exp13/exp13.v Line: 82
    Info (12134): Parameter "LPM_WIDTHN" = "6"
    Info (12134): Parameter "LPM_WIDTHD" = "5"
    Info (12134): Parameter "LPM_NREPRESENTATION" = "UNSIGNED"
    Info (12134): Parameter "LPM_DREPRESENTATION" = "UNSIGNED"
Info (12021): Found 1 design units, including 1 entities, in source file db/lpm_divide_72m.tdf
    Info (12023): Found entity 1: lpm_divide_72m File: C:/fpga/exp13/db/lpm_divide_72m.tdf Line: 24
Info (12021): Found 1 design units, including 1 entities, in source file db/sign_div_unsign_akh.tdf
    Info (12023): Found entity 1: sign_div_unsign_akh File: C:/fpga/exp13/db/sign_div_unsign_akh.tdf Line: 24
Info (12021): Found 1 design units, including 1 entities, in source file db/alt_u_div_qse.tdf
    Info (12023): Found entity 1: alt_u_div_qse File: C:/fpga/exp13/db/alt_u_div_qse.tdf Line: 22
Warning (12241): 1 hierarchies have connectivity warnings - see the Connectivity Checks report folder
Warning (13039): The following bidirectional pins have no drivers
    Warning (13040): bidirectional pin "PS2_CLK" has no driver File: C:/fpga/exp13/exp13.v Line: 39
    Warning (13040): bidirectional pin "PS2_DAT" has no driver File: C:/fpga/exp13/exp13.v Line: 41
    Warning (13040): bidirectional pin "PS2_CLK2" has no driver File: C:/fpga/exp13/exp13.v Line: 40
    Warning (13040): bidirectional pin "PS2_DAT2" has no driver File: C:/fpga/exp13/exp13.v Line: 43
Warning (13024): Output pins are stuck at VCC or GND
    Warning (13410): Pin "LEDR[2]" is stuck at GND File: C:/fpga/exp13/exp13.v Line: 18
    Warning (13410): Pin "LEDR[3]" is stuck at GND File: C:/fpga/exp13/exp13.v Line: 18
    Warning (13410): Pin "LEDR[4]" is stuck at GND File: C:/fpga/exp13/exp13.v Line: 18
    Warning (13410): Pin "LEDR[5]" is stuck at GND File: C:/fpga/exp13/exp13.v Line: 18
    Warning (13410): Pin "LEDR[6]" is stuck at GND File: C:/fpga/exp13/exp13.v Line: 18
    Warning (13410): Pin "LEDR[7]" is stuck at GND File: C:/fpga/exp13/exp13.v Line: 18
    Warning (13410): Pin "LEDR[8]" is stuck at GND File: C:/fpga/exp13/exp13.v Line: 18
    Warning (13410): Pin "LEDR[9]" is stuck at GND File: C:/fpga/exp13/exp13.v Line: 18
    Warning (13410): Pin "HEX2[0]" is stuck at GND File: C:/fpga/exp13/exp13.v Line: 23
    Warning (13410): Pin "HEX2[1]" is stuck at GND File: C:/fpga/exp13/exp13.v Line: 23
    Warning (13410): Pin "HEX2[2]" is stuck at GND File: C:/fpga/exp13/exp13.v Line: 23
    Warning (13410): Pin "HEX2[3]" is stuck at GND File: C:/fpga/exp13/exp13.v Line: 23
    Warning (13410): Pin "HEX2[4]" is stuck at GND File: C:/fpga/exp13/exp13.v Line: 23
    Warning (13410): Pin "HEX2[5]" is stuck at GND File: C:/fpga/exp13/exp13.v Line: 23
    Warning (13410): Pin "HEX2[6]" is stuck at GND File: C:/fpga/exp13/exp13.v Line: 23
    Warning (13410): Pin "HEX3[0]" is stuck at GND File: C:/fpga/exp13/exp13.v Line: 24
    Warning (13410): Pin "HEX3[1]" is stuck at GND File: C:/fpga/exp13/exp13.v Line: 24
    Warning (13410): Pin "HEX3[2]" is stuck at GND File: C:/fpga/exp13/exp13.v Line: 24
    Warning (13410): Pin "HEX3[3]" is stuck at GND File: C:/fpga/exp13/exp13.v Line: 24
    Warning (13410): Pin "HEX3[4]" is stuck at GND File: C:/fpga/exp13/exp13.v Line: 24
    Warning (13410): Pin "HEX3[5]" is stuck at GND File: C:/fpga/exp13/exp13.v Line: 24
    Warning (13410): Pin "HEX3[6]" is stuck at GND File: C:/fpga/exp13/exp13.v Line: 24
    Warning (13410): Pin "HEX4[0]" is stuck at GND File: C:/fpga/exp13/exp13.v Line: 25
    Warning (13410): Pin "HEX4[1]" is stuck at GND File: C:/fpga/exp13/exp13.v Line: 25
    Warning (13410): Pin "HEX4[2]" is stuck at GND File: C:/fpga/exp13/exp13.v Line: 25
    Warning (13410): Pin "HEX4[3]" is stuck at GND File: C:/fpga/exp13/exp13.v Line: 25
    Warning (13410): Pin "HEX4[4]" is stuck at GND File: C:/fpga/exp13/exp13.v Line: 25
    Warning (13410): Pin "HEX4[5]" is stuck at GND File: C:/fpga/exp13/exp13.v Line: 25
    Warning (13410): Pin "HEX4[6]" is stuck at GND File: C:/fpga/exp13/exp13.v Line: 25
    Warning (13410): Pin "HEX5[0]" is stuck at GND File: C:/fpga/exp13/exp13.v Line: 26
    Warning (13410): Pin "HEX5[1]" is stuck at GND File: C:/fpga/exp13/exp13.v Line: 26
    Warning (13410): Pin "HEX5[2]" is stuck at GND File: C:/fpga/exp13/exp13.v Line: 26
    Warning (13410): Pin "HEX5[3]" is stuck at GND File: C:/fpga/exp13/exp13.v Line: 26
    Warning (13410): Pin "HEX5[4]" is stuck at GND File: C:/fpga/exp13/exp13.v Line: 26
    Warning (13410): Pin "HEX5[5]" is stuck at GND File: C:/fpga/exp13/exp13.v Line: 26
    Warning (13410): Pin "HEX5[6]" is stuck at GND File: C:/fpga/exp13/exp13.v Line: 26
    Warning (13410): Pin "VGA_B[0]" is stuck at GND File: C:/fpga/exp13/exp13.v Line: 30
    Warning (13410): Pin "VGA_B[1]" is stuck at GND File: C:/fpga/exp13/exp13.v Line: 30
    Warning (13410): Pin "VGA_B[2]" is stuck at GND File: C:/fpga/exp13/exp13.v Line: 30
    Warning (13410): Pin "VGA_B[3]" is stuck at GND File: C:/fpga/exp13/exp13.v Line: 30
    Warning (13410): Pin "VGA_G[0]" is stuck at GND File: C:/fpga/exp13/exp13.v Line: 32
    Warning (13410): Pin "VGA_G[1]" is stuck at GND File: C:/fpga/exp13/exp13.v Line: 32
    Warning (13410): Pin "VGA_G[2]" is stuck at GND File: C:/fpga/exp13/exp13.v Line: 32
    Warning (13410): Pin "VGA_G[3]" is stuck at GND File: C:/fpga/exp13/exp13.v Line: 32
    Warning (13410): Pin "VGA_R[0]" is stuck at GND File: C:/fpga/exp13/exp13.v Line: 34
    Warning (13410): Pin "VGA_R[1]" is stuck at GND File: C:/fpga/exp13/exp13.v Line: 34
    Warning (13410): Pin "VGA_R[2]" is stuck at GND File: C:/fpga/exp13/exp13.v Line: 34
    Warning (13410): Pin "VGA_R[3]" is stuck at GND File: C:/fpga/exp13/exp13.v Line: 34
    Warning (13410): Pin "VGA_SYNC_N" is stuck at GND File: C:/fpga/exp13/exp13.v Line: 35
Info (286030): Timing-Driven Synthesis is running
Info (144001): Generated suppressed messages file C:/fpga/exp13/exp13.map.smsg
Info (16010): Generating hard_block partition "hard_block:auto_generated_inst"
    Info (16011): Adding 0 node(s), including 0 DDIO, 0 PLL, 0 transceiver and 0 LCELL
Warning (21074): Design contains 10 input pin(s) that do not drive logic
    Warning (15610): No output dependent on input pin "SW[0]" File: C:/fpga/exp13/exp13.v Line: 15
    Warning (15610): No output dependent on input pin "SW[1]" File: C:/fpga/exp13/exp13.v Line: 15
    Warning (15610): No output dependent on input pin "SW[2]" File: C:/fpga/exp13/exp13.v Line: 15
    Warning (15610): No output dependent on input pin "SW[3]" File: C:/fpga/exp13/exp13.v Line: 15
    Warning (15610): No output dependent on input pin "SW[4]" File: C:/fpga/exp13/exp13.v Line: 15
    Warning (15610): No output dependent on input pin "SW[5]" File: C:/fpga/exp13/exp13.v Line: 15
    Warning (15610): No output dependent on input pin "SW[6]" File: C:/fpga/exp13/exp13.v Line: 15
    Warning (15610): No output dependent on input pin "SW[7]" File: C:/fpga/exp13/exp13.v Line: 15
    Warning (15610): No output dependent on input pin "SW[8]" File: C:/fpga/exp13/exp13.v Line: 15
    Warning (15610): No output dependent on input pin "SW[9]" File: C:/fpga/exp13/exp13.v Line: 15
Info (21057): Implemented 1297 device resources after synthesis - the final resource count might be different
    Info (21058): Implemented 14 input pins
    Info (21059): Implemented 81 output pins
    Info (21060): Implemented 4 bidirectional pins
    Info (21061): Implemented 1190 logic cells
    Info (21064): Implemented 8 RAM segments
Info: Quartus Prime Analysis & Synthesis was successful. 0 errors, 99 warnings
    Info: Peak virtual memory: 4887 megabytes
    Info: Processing ended: Mon Jun 21 16:55:21 2021
    Info: Elapsed time: 00:00:23
    Info: Total CPU time (on all processors): 00:00:43


+------------------------------------------+
; Analysis & Synthesis Suppressed Messages ;
+------------------------------------------+
The suppressed messages can be found in C:/fpga/exp13/exp13.map.smsg.


